<?xml version="1.0" encoding="UTF-8"?>
<testsuite name="KarateReportTest" tests="1" skipped="0" failures="0" errors="0" timestamp="2020-12-03T13:41:29" hostname="DESKTOP-DPMQS50" time="9.106">
  <properties/>
  <testcase name="testrunAll()" classname="KarateReportTest" time="9.106"/>
  <system-out><![CDATA[19:11:30.168 [Test worker] INFO com.intuit.karate.Runner - waiting for parallel features to complete ...
19:11:30.253 [ForkJoinPool-1-worker-1] INFO com.intuit.karate - from karate-config.js 
19:11:30.347 [ForkJoinPool-1-worker-1] DEBUG com.jayway.jsonpath.internal.path.CompiledPath - Evaluating path: $
19:11:30.597 [ForkJoinPool-1-worker-1] DEBUG org.apache.http.client.protocol.RequestAddCookies - CookieSpec selected: karate
19:11:30.613 [ForkJoinPool-1-worker-1] DEBUG org.apache.http.client.protocol.RequestAuthCache - Auth cache not set in the context
19:11:30.613 [ForkJoinPool-1-worker-1] DEBUG com.intuit.karate - request:
1 > GET https://reqres.in/api/users%3Fpage=2
1 > Accept-Encoding: gzip,deflate
1 > Connection: Keep-Alive
1 > Host: reqres.in
1 > User-Agent: Apache-HttpClient/4.5.12 (Java/1.8.0_251)

19:11:30.613 [ForkJoinPool-1-worker-1] DEBUG org.apache.http.impl.conn.PoolingHttpClientConnectionManager - Connection request: [route: {s}->https://reqres.in:443][total available: 0; route allocated: 0 of 5; total allocated: 0 of 10]
19:11:30.628 [ForkJoinPool-1-worker-1] DEBUG org.apache.http.impl.conn.PoolingHttpClientConnectionManager - Connection leased: [id: 0][route: {s}->https://reqres.in:443][total available: 0; route allocated: 1 of 5; total allocated: 1 of 10]
19:11:30.628 [ForkJoinPool-1-worker-1] DEBUG org.apache.http.impl.execchain.MainClientExec - Opening connection {s}->https://reqres.in:443
19:11:30.644 [ForkJoinPool-1-worker-1] DEBUG org.apache.http.impl.conn.DefaultHttpClientConnectionOperator - Connecting to reqres.in/104.27.135.11:443
19:11:30.644 [ForkJoinPool-1-worker-1] DEBUG org.apache.http.conn.ssl.SSLConnectionSocketFactory - Connecting socket to reqres.in/104.27.135.11:443 with timeout 30000
19:11:30.737 [ForkJoinPool-1-worker-1] DEBUG org.apache.http.conn.ssl.SSLConnectionSocketFactory - Enabled protocols: [TLSv1, TLSv1.1, TLSv1.2]
19:11:30.737 [ForkJoinPool-1-worker-1] DEBUG org.apache.http.conn.ssl.SSLConnectionSocketFactory - Enabled cipher suites:[TLS_ECDHE_ECDSA_WITH_AES_256_CBC_SHA384, TLS_ECDHE_RSA_WITH_AES_256_CBC_SHA384, TLS_RSA_WITH_AES_256_CBC_SHA256, TLS_ECDH_ECDSA_WITH_AES_256_CBC_SHA384, TLS_ECDH_RSA_WITH_AES_256_CBC_SHA384, TLS_DHE_RSA_WITH_AES_256_CBC_SHA256, TLS_DHE_DSS_WITH_AES_256_CBC_SHA256, TLS_ECDHE_ECDSA_WITH_AES_256_CBC_SHA, TLS_ECDHE_RSA_WITH_AES_256_CBC_SHA, TLS_RSA_WITH_AES_256_CBC_SHA, TLS_ECDH_ECDSA_WITH_AES_256_CBC_SHA, TLS_ECDH_RSA_WITH_AES_256_CBC_SHA, TLS_DHE_RSA_WITH_AES_256_CBC_SHA, TLS_DHE_DSS_WITH_AES_256_CBC_SHA, TLS_ECDHE_ECDSA_WITH_AES_128_CBC_SHA256, TLS_ECDHE_RSA_WITH_AES_128_CBC_SHA256, TLS_RSA_WITH_AES_128_CBC_SHA256, TLS_ECDH_ECDSA_WITH_AES_128_CBC_SHA256, TLS_ECDH_RSA_WITH_AES_128_CBC_SHA256, TLS_DHE_RSA_WITH_AES_128_CBC_SHA256, TLS_DHE_DSS_WITH_AES_128_CBC_SHA256, TLS_ECDHE_ECDSA_WITH_AES_128_CBC_SHA, TLS_ECDHE_RSA_WITH_AES_128_CBC_SHA, TLS_RSA_WITH_AES_128_CBC_SHA, TLS_ECDH_ECDSA_WITH_AES_128_CBC_SHA, TLS_ECDH_RSA_WITH_AES_128_CBC_SHA, TLS_DHE_RSA_WITH_AES_128_CBC_SHA, TLS_DHE_DSS_WITH_AES_128_CBC_SHA, TLS_ECDHE_ECDSA_WITH_AES_256_GCM_SHA384, TLS_ECDHE_ECDSA_WITH_AES_128_GCM_SHA256, TLS_ECDHE_RSA_WITH_AES_256_GCM_SHA384, TLS_RSA_WITH_AES_256_GCM_SHA384, TLS_ECDH_ECDSA_WITH_AES_256_GCM_SHA384, TLS_ECDH_RSA_WITH_AES_256_GCM_SHA384, TLS_DHE_RSA_WITH_AES_256_GCM_SHA384, TLS_DHE_DSS_WITH_AES_256_GCM_SHA384, TLS_ECDHE_RSA_WITH_AES_128_GCM_SHA256, TLS_RSA_WITH_AES_128_GCM_SHA256, TLS_ECDH_ECDSA_WITH_AES_128_GCM_SHA256, TLS_ECDH_RSA_WITH_AES_128_GCM_SHA256, TLS_DHE_RSA_WITH_AES_128_GCM_SHA256, TLS_DHE_DSS_WITH_AES_128_GCM_SHA256, TLS_EMPTY_RENEGOTIATION_INFO_SCSV]
19:11:30.737 [ForkJoinPool-1-worker-1] DEBUG org.apache.http.conn.ssl.SSLConnectionSocketFactory - Starting handshake
19:11:30.862 [ForkJoinPool-1-worker-1] DEBUG org.apache.http.conn.ssl.SSLConnectionSocketFactory - Secure session established
19:11:30.862 [ForkJoinPool-1-worker-1] DEBUG org.apache.http.conn.ssl.SSLConnectionSocketFactory -  negotiated protocol: TLSv1.2
19:11:30.862 [ForkJoinPool-1-worker-1] DEBUG org.apache.http.conn.ssl.SSLConnectionSocketFactory -  negotiated cipher suite: TLS_ECDHE_ECDSA_WITH_AES_128_GCM_SHA256
19:11:30.862 [ForkJoinPool-1-worker-1] DEBUG org.apache.http.conn.ssl.SSLConnectionSocketFactory -  peer principal: CN=sni.cloudflaressl.com, O="Cloudflare, Inc.", L=San Francisco, ST=CA, C=US
19:11:30.862 [ForkJoinPool-1-worker-1] DEBUG org.apache.http.conn.ssl.SSLConnectionSocketFactory -  peer alternative names: [reqres.in, sni.cloudflaressl.com, *.reqres.in]
19:11:30.862 [ForkJoinPool-1-worker-1] DEBUG org.apache.http.conn.ssl.SSLConnectionSocketFactory -  issuer principal: CN=Cloudflare Inc ECC CA-3, O="Cloudflare, Inc.", C=US
19:11:30.878 [ForkJoinPool-1-worker-1] DEBUG org.apache.http.impl.conn.DefaultHttpClientConnectionOperator - Connection established 192.168.1.87:53452<->104.27.135.11:443
19:11:30.878 [ForkJoinPool-1-worker-1] DEBUG org.apache.http.impl.conn.DefaultManagedHttpClientConnection - http-outgoing-0: set socket timeout to 30000
19:11:30.878 [ForkJoinPool-1-worker-1] DEBUG org.apache.http.impl.execchain.MainClientExec - Executing request GET /api/users%3Fpage=2 HTTP/1.1
19:11:30.878 [ForkJoinPool-1-worker-1] DEBUG org.apache.http.impl.execchain.MainClientExec - Target auth state: UNCHALLENGED
19:11:30.878 [ForkJoinPool-1-worker-1] DEBUG org.apache.http.impl.execchain.MainClientExec - Proxy auth state: UNCHALLENGED
19:11:30.878 [ForkJoinPool-1-worker-1] DEBUG org.apache.http.headers - http-outgoing-0 >> GET /api/users%3Fpage=2 HTTP/1.1
19:11:30.878 [ForkJoinPool-1-worker-1] DEBUG org.apache.http.headers - http-outgoing-0 >> Host: reqres.in
19:11:30.878 [ForkJoinPool-1-worker-1] DEBUG org.apache.http.headers - http-outgoing-0 >> Connection: Keep-Alive
19:11:30.878 [ForkJoinPool-1-worker-1] DEBUG org.apache.http.headers - http-outgoing-0 >> User-Agent: Apache-HttpClient/4.5.12 (Java/1.8.0_251)
19:11:30.878 [ForkJoinPool-1-worker-1] DEBUG org.apache.http.headers - http-outgoing-0 >> Accept-Encoding: gzip,deflate
19:11:30.878 [ForkJoinPool-1-worker-1] DEBUG org.apache.http.wire - http-outgoing-0 >> "GET /api/users%3Fpage=2 HTTP/1.1[\r][\n]"
19:11:30.878 [ForkJoinPool-1-worker-1] DEBUG org.apache.http.wire - http-outgoing-0 >> "Host: reqres.in[\r][\n]"
19:11:30.878 [ForkJoinPool-1-worker-1] DEBUG org.apache.http.wire - http-outgoing-0 >> "Connection: Keep-Alive[\r][\n]"
19:11:30.878 [ForkJoinPool-1-worker-1] DEBUG org.apache.http.wire - http-outgoing-0 >> "User-Agent: Apache-HttpClient/4.5.12 (Java/1.8.0_251)[\r][\n]"
19:11:30.878 [ForkJoinPool-1-worker-1] DEBUG org.apache.http.wire - http-outgoing-0 >> "Accept-Encoding: gzip,deflate[\r][\n]"
19:11:30.878 [ForkJoinPool-1-worker-1] DEBUG org.apache.http.wire - http-outgoing-0 >> "[\r][\n]"
19:11:31.193 [ForkJoinPool-1-worker-1] DEBUG org.apache.http.wire - http-outgoing-0 << "HTTP/1.1 200 OK[\r][\n]"
19:11:31.193 [ForkJoinPool-1-worker-1] DEBUG org.apache.http.wire - http-outgoing-0 << "Date: Thu, 03 Dec 2020 13:41:30 GMT[\r][\n]"
19:11:31.193 [ForkJoinPool-1-worker-1] DEBUG org.apache.http.wire - http-outgoing-0 << "Content-Type: application/json; charset=utf-8[\r][\n]"
19:11:31.193 [ForkJoinPool-1-worker-1] DEBUG org.apache.http.wire - http-outgoing-0 << "Transfer-Encoding: chunked[\r][\n]"
19:11:31.193 [ForkJoinPool-1-worker-1] DEBUG org.apache.http.wire - http-outgoing-0 << "Connection: keep-alive[\r][\n]"
19:11:31.194 [ForkJoinPool-1-worker-1] DEBUG org.apache.http.wire - http-outgoing-0 << "Set-Cookie: __cfduid=db75cd2d515c62508f39904fff906d2ae1607002890; expires=Sat, 02-Jan-21 13:41:30 GMT; path=/; domain=.reqres.in; HttpOnly; SameSite=Lax; Secure[\r][\n]"
19:11:31.194 [ForkJoinPool-1-worker-1] DEBUG org.apache.http.wire - http-outgoing-0 << "X-Powered-By: Express[\r][\n]"
19:11:31.194 [ForkJoinPool-1-worker-1] DEBUG org.apache.http.wire - http-outgoing-0 << "Access-Control-Allow-Origin: *[\r][\n]"
19:11:31.194 [ForkJoinPool-1-worker-1] DEBUG org.apache.http.wire - http-outgoing-0 << "Etag: W/"2c1-N6Rqerxquq2kgQhL51EiSg4x0R8"[\r][\n]"
19:11:31.194 [ForkJoinPool-1-worker-1] DEBUG org.apache.http.wire - http-outgoing-0 << "Via: 1.1 vegur[\r][\n]"
19:11:31.194 [ForkJoinPool-1-worker-1] DEBUG org.apache.http.wire - http-outgoing-0 << "Cache-Control: max-age=14400[\r][\n]"
19:11:31.194 [ForkJoinPool-1-worker-1] DEBUG org.apache.http.wire - http-outgoing-0 << "CF-Cache-Status: REVALIDATED[\r][\n]"
19:11:31.194 [ForkJoinPool-1-worker-1] DEBUG org.apache.http.wire - http-outgoing-0 << "cf-request-id: 06ca6f39a0000031ed63903000000001[\r][\n]"
19:11:31.194 [ForkJoinPool-1-worker-1] DEBUG org.apache.http.wire - http-outgoing-0 << "Expect-CT: max-age=604800, report-uri="https://report-uri.cloudflare.com/cdn-cgi/beacon/expect-ct"[\r][\n]"
19:11:31.195 [ForkJoinPool-1-worker-1] DEBUG org.apache.http.wire - http-outgoing-0 << "Report-To: {"endpoints":[{"url":"https:\/\/a.nel.cloudflare.com\/report?s=2jyTiNZr6CnSt%2Bn1AzoiqQR1rK7NcWfSCabeMPq8M1F%2BKTryTLcdAUrR3lojx1SY5mKmpzehsjA%2Byo7wG4IYw0wLQDMcziS6d38%3D"}],"group":"cf-nel","max_age":604800}[\r][\n]"
19:11:31.195 [ForkJoinPool-1-worker-1] DEBUG org.apache.http.wire - http-outgoing-0 << "NEL: {"report_to":"cf-nel","max_age":604800}[\r][\n]"
19:11:31.195 [ForkJoinPool-1-worker-1] DEBUG org.apache.http.wire - http-outgoing-0 << "Vary: Accept-Encoding[\r][\n]"
19:11:31.195 [ForkJoinPool-1-worker-1] DEBUG org.apache.http.wire - http-outgoing-0 << "Server: cloudflare[\r][\n]"
19:11:31.195 [ForkJoinPool-1-worker-1] DEBUG org.apache.http.wire - http-outgoing-0 << "CF-RAY: 5fbdb4a29b5231ed-BOM[\r][\n]"
19:11:31.195 [ForkJoinPool-1-worker-1] DEBUG org.apache.http.wire - http-outgoing-0 << "Content-Encoding: gzip[\r][\n]"
19:11:31.195 [ForkJoinPool-1-worker-1] DEBUG org.apache.http.wire - http-outgoing-0 << "[\r][\n]"
19:11:31.195 [ForkJoinPool-1-worker-1] DEBUG org.apache.http.wire - http-outgoing-0 << "170[\r][\n]"
19:11:31.195 [ForkJoinPool-1-worker-1] DEBUG org.apache.http.wire - http-outgoing-0 << "[0x1f][0x8b][0x8][0x0][0x0][0x0][0x0][0x0][0x0][0x3]m[0xd1][0xcd]n[0xdb]0[0xc][0x7][0xf0]W[0xd1][0xd8][0xab][0xbc]X[0xb2]l'[0xba]5Y[0xf6][0x0]Eo[0xc5]P[0xb0]6[0x9b][0x8][0xf5],[0x85][0x92][0xba][0x15]A[0xde][0xbd][0xe8][0x7]\[0x17][0xf0]M[0x82][0xf8][0xff][0x81][0x14][0xcf][0x10][0xf0]@`[0x95][0x84]@|[0xff]qi$$[0x9f]p[0x0][0xab][0xf4][0xe7][0xf1][0xfd]%[0x82][0xd5][0x12]zL[0x8][0xf6][0xee][0xc][0xae]]]>&#x7f;<![CDATA[[0xcf][0x8d][0xf8][0x97][0xc0]BG[0x9c][0x7][0xc2][0x11]$[0xbc][0x10]2X][0x96][0xa5][0x84][0xce][0xf][0x9e][0xc1][0xc2][0xd5]f[0xbd][0xd5][0xbf][0x14]H[0x8]8&?[0xd2][0xfd]3[0xe][0xf9]-[0xa8][0xea][0xc2][0x94][0xba][0x84][0x8b][0xfc] [0xf5]D>[0xe6][0xee][0x18][0x1d][\n]"
19:11:31.195 [ForkJoinPool-1-worker-1] DEBUG org.apache.http.wire - http-outgoing-0 << "[0xf6][0x91][0xe6][0xac][0x9a][0xb1][0xbb][0xd6]Tm[0xbd][0xc4][0xb6][0x85].+5[0xb1][0xd5][0xc4]&[0xce]$[0x98][0xfa]9[0xa9]g[0xe4][0xf6][0xb7][0xda]Tz[0x89][0xdc][0x14][0xaa]i[0xcc]D[0x9a][0x89][0xc4]SF[0x11][0x9f]^[0xe6]d5#[0xdb][0xed][0xce][0xec][0xcc][0x12]i[\n]"
19:11:31.195 [ForkJoinPool-1-worker-1] DEBUG org.apache.http.wire - http-outgoing-0 << "[0xb3]V_][0xd6]_][0xba][0x3][0xf1][0xe0][0x86]o[0xa6][0x99][0x99]{][0xaf][0xab][0xfd][0xf2][0xe4][0xca][0xd4][0xcd]d6[0x93][0xf9]0d[0x12])[0xf3]){[0xf7][0xfd]K[0xeb][0x19]\W[0xdb][0xf2]z[0xbf][0xbc][0xa9]Z[0xab][0x16].]]>&#x7f;<![CDATA[$[0xc4][0x1c][0x82][0xe7][0x4][0xf6][0xc][0x99][0x7][0xb0]pL)D[0xbb]Z1[0x9d][0x98][0xe2]O7[0xae][0xae]>k[0x8a]#a[0xef][0xc6][0x3]HH[0xf4]?[0x81][0x85][/[0x9e][0x88][0x82][0xb8][0xa1][0xd3][\r]E[0xf1][0xc8]DRt~L[0xec][0x1e]rr~[0x8c]"[0xf9]]]>&#x7f;<![CDATA[[0xc8]}[0x14][0x91][0xf8][0x99]Xt>[0xa6]([0x90]I`[0x8]L[0x9d][0xc3]D[0xfd][0xf][0xb8]\^"
19:11:31.197 [ForkJoinPool-1-worker-1] DEBUG org.apache.http.headers - http-outgoing-0 << HTTP/1.1 200 OK
19:11:31.197 [ForkJoinPool-1-worker-1] DEBUG org.apache.http.headers - http-outgoing-0 << Date: Thu, 03 Dec 2020 13:41:30 GMT
19:11:31.197 [ForkJoinPool-1-worker-1] DEBUG org.apache.http.headers - http-outgoing-0 << Content-Type: application/json; charset=utf-8
19:11:31.198 [ForkJoinPool-1-worker-1] DEBUG org.apache.http.headers - http-outgoing-0 << Transfer-Encoding: chunked
19:11:31.198 [ForkJoinPool-1-worker-1] DEBUG org.apache.http.headers - http-outgoing-0 << Connection: keep-alive
19:11:31.198 [ForkJoinPool-1-worker-1] DEBUG org.apache.http.headers - http-outgoing-0 << Set-Cookie: __cfduid=db75cd2d515c62508f39904fff906d2ae1607002890; expires=Sat, 02-Jan-21 13:41:30 GMT; path=/; domain=.reqres.in; HttpOnly; SameSite=Lax; Secure
19:11:31.198 [ForkJoinPool-1-worker-1] DEBUG org.apache.http.headers - http-outgoing-0 << X-Powered-By: Express
19:11:31.198 [ForkJoinPool-1-worker-1] DEBUG org.apache.http.headers - http-outgoing-0 << Access-Control-Allow-Origin: *
19:11:31.198 [ForkJoinPool-1-worker-1] DEBUG org.apache.http.headers - http-outgoing-0 << Etag: W/"2c1-N6Rqerxquq2kgQhL51EiSg4x0R8"
19:11:31.198 [ForkJoinPool-1-worker-1] DEBUG org.apache.http.headers - http-outgoing-0 << Via: 1.1 vegur
19:11:31.198 [ForkJoinPool-1-worker-1] DEBUG org.apache.http.headers - http-outgoing-0 << Cache-Control: max-age=14400
19:11:31.198 [ForkJoinPool-1-worker-1] DEBUG org.apache.http.headers - http-outgoing-0 << CF-Cache-Status: REVALIDATED
19:11:31.198 [ForkJoinPool-1-worker-1] DEBUG org.apache.http.headers - http-outgoing-0 << cf-request-id: 06ca6f39a0000031ed63903000000001
19:11:31.198 [ForkJoinPool-1-worker-1] DEBUG org.apache.http.headers - http-outgoing-0 << Expect-CT: max-age=604800, report-uri="https://report-uri.cloudflare.com/cdn-cgi/beacon/expect-ct"
19:11:31.198 [ForkJoinPool-1-worker-1] DEBUG org.apache.http.headers - http-outgoing-0 << Report-To: {"endpoints":[{"url":"https:\/\/a.nel.cloudflare.com\/report?s=2jyTiNZr6CnSt%2Bn1AzoiqQR1rK7NcWfSCabeMPq8M1F%2BKTryTLcdAUrR3lojx1SY5mKmpzehsjA%2Byo7wG4IYw0wLQDMcziS6d38%3D"}],"group":"cf-nel","max_age":604800}
19:11:31.198 [ForkJoinPool-1-worker-1] DEBUG org.apache.http.headers - http-outgoing-0 << NEL: {"report_to":"cf-nel","max_age":604800}
19:11:31.198 [ForkJoinPool-1-worker-1] DEBUG org.apache.http.headers - http-outgoing-0 << Vary: Accept-Encoding
19:11:31.198 [ForkJoinPool-1-worker-1] DEBUG org.apache.http.headers - http-outgoing-0 << Server: cloudflare
19:11:31.198 [ForkJoinPool-1-worker-1] DEBUG org.apache.http.headers - http-outgoing-0 << CF-RAY: 5fbdb4a29b5231ed-BOM
19:11:31.198 [ForkJoinPool-1-worker-1] DEBUG org.apache.http.headers - http-outgoing-0 << Content-Encoding: gzip
19:11:31.202 [ForkJoinPool-1-worker-1] DEBUG org.apache.http.impl.execchain.MainClientExec - Connection can be kept alive indefinitely
19:11:31.210 [ForkJoinPool-1-worker-1] DEBUG org.apache.http.client.protocol.ResponseProcessCookies - Cookie accepted [__cfduid="db75cd2d515c62508f39904fff906d2ae1607002890", version:0, domain:reqres.in, path:/, expiry:Sat Jan 02 19:11:30 IST 2021]
19:11:31.213 [ForkJoinPool-1-worker-1] DEBUG org.apache.http.wire - http-outgoing-0 << "[0x1]0[0x9f][0xa1]R[0xc1][0x2][0x0][0x0][\r][\n]"
19:11:31.213 [ForkJoinPool-1-worker-1] DEBUG org.apache.http.wire - http-outgoing-0 << "0[\r][\n]"
19:11:31.213 [ForkJoinPool-1-worker-1] DEBUG org.apache.http.wire - http-outgoing-0 << "[\r][\n]"
19:11:31.214 [ForkJoinPool-1-worker-1] DEBUG org.apache.http.impl.conn.PoolingHttpClientConnectionManager - Connection [id: 0][route: {s}->https://reqres.in:443] can be kept alive indefinitely
19:11:31.214 [ForkJoinPool-1-worker-1] DEBUG org.apache.http.impl.conn.DefaultManagedHttpClientConnection - http-outgoing-0: set socket timeout to 0
19:11:31.214 [ForkJoinPool-1-worker-1] DEBUG org.apache.http.impl.conn.PoolingHttpClientConnectionManager - Connection released: [id: 0][route: {s}->https://reqres.in:443][total available: 1; route allocated: 1 of 5; total allocated: 1 of 10]
19:11:31.214 [ForkJoinPool-1-worker-1] DEBUG com.intuit.karate - response time in milliseconds: 596.49
1 < 200
1 < Access-Control-Allow-Origin: *
1 < CF-Cache-Status: REVALIDATED
1 < CF-RAY: 5fbdb4a29b5231ed-BOM
1 < Cache-Control: max-age=14400
1 < Connection: keep-alive
1 < Content-Type: application/json; charset=utf-8
1 < Date: Thu, 03 Dec 2020 13:41:30 GMT
1 < Etag: W/"2c1-N6Rqerxquq2kgQhL51EiSg4x0R8"
1 < Expect-CT: max-age=604800, report-uri="https://report-uri.cloudflare.com/cdn-cgi/beacon/expect-ct"
1 < NEL: {"report_to":"cf-nel","max_age":604800}
1 < Report-To: {"endpoints":[{"url":"https:\/\/a.nel.cloudflare.com\/report?s=2jyTiNZr6CnSt%2Bn1AzoiqQR1rK7NcWfSCabeMPq8M1F%2BKTryTLcdAUrR3lojx1SY5mKmpzehsjA%2Byo7wG4IYw0wLQDMcziS6d38%3D"}],"group":"cf-nel","max_age":604800}
1 < Server: cloudflare
1 < Set-Cookie: __cfduid=db75cd2d515c62508f39904fff906d2ae1607002890; expires=Sat, 02-Jan-21 13:41:30 GMT; path=/; domain=.reqres.in; HttpOnly; SameSite=Lax; Secure
1 < Transfer-Encoding: chunked
1 < Vary: Accept-Encoding
1 < Via: 1.1 vegur
1 < X-Powered-By: Express
1 < cf-request-id: 06ca6f39a0000031ed63903000000001
{"page":1,"per_page":6,"total":12,"total_pages":2,"data":[{"id":1,"name":"cerulean","year":2000,"color":"#98B2D1","pantone_value":"15-4020"},{"id":2,"name":"fuchsia rose","year":2001,"color":"#C74375","pantone_value":"17-2031"},{"id":3,"name":"true red","year":2002,"color":"#BF1932","pantone_value":"19-1664"},{"id":4,"name":"aqua sky","year":2003,"color":"#7BC4C4","pantone_value":"14-4811"},{"id":5,"name":"tigerlily","year":2004,"color":"#E2583E","pantone_value":"17-1456"},{"id":6,"name":"blue turquoise","year":2005,"color":"#53B0AE","pantone_value":"15-5217"}],"support":{"url":"https://reqres.in/#support-heading","text":"To keep ReqRes free, contributions towards server costs are appreciated!"}}

19:11:31.222 [ForkJoinPool-1-worker-1] DEBUG com.jayway.jsonpath.internal.path.CompiledPath - Evaluating path: $['page']
19:11:31.271 [pool-1-thread-1] INFO com.intuit.karate.Runner - <<pass>> feature 1 of 22: classpath:featurefiles/calledfeature.feature
---------------------------------------------------------
feature: classpath:featurefiles/calledfeature.feature
report: build\surefire-reports\featurefiles.calledfeature.json
scenarios:  1 | passed:  1 | failed:  0 | time: 0.8593
---------------------------------------------------------
19:11:31.282 [ForkJoinPool-1-worker-1] INFO com.intuit.karate - from karate-config.js 
19:11:31.282 [ForkJoinPool-1-worker-1] DEBUG com.jayway.jsonpath.internal.path.CompiledPath - Evaluating path: $
19:11:31.295 [ForkJoinPool-1-worker-1] DEBUG org.apache.http.client.protocol.RequestAddCookies - CookieSpec selected: karate
19:11:31.295 [ForkJoinPool-1-worker-1] DEBUG org.apache.http.client.protocol.RequestAuthCache - Auth cache not set in the context
19:11:31.295 [ForkJoinPool-1-worker-1] DEBUG com.intuit.karate - request:
1 > GET https://reqres.in/api/users%3Fpage=2
1 > Accept-Encoding: gzip,deflate
1 > Connection: Keep-Alive
1 > Host: reqres.in
1 > User-Agent: Apache-HttpClient/4.5.12 (Java/1.8.0_251)

19:11:31.296 [ForkJoinPool-1-worker-1] DEBUG org.apache.http.impl.conn.PoolingHttpClientConnectionManager - Connection request: [route: {s}->https://reqres.in:443][total available: 0; route allocated: 0 of 5; total allocated: 0 of 10]
19:11:31.296 [ForkJoinPool-1-worker-1] DEBUG org.apache.http.impl.conn.PoolingHttpClientConnectionManager - Connection leased: [id: 1][route: {s}->https://reqres.in:443][total available: 0; route allocated: 1 of 5; total allocated: 1 of 10]
19:11:31.296 [ForkJoinPool-1-worker-1] DEBUG org.apache.http.impl.execchain.MainClientExec - Opening connection {s}->https://reqres.in:443
19:11:31.296 [ForkJoinPool-1-worker-1] DEBUG org.apache.http.impl.conn.DefaultHttpClientConnectionOperator - Connecting to reqres.in/104.27.135.11:443
19:11:31.296 [ForkJoinPool-1-worker-1] DEBUG org.apache.http.conn.ssl.SSLConnectionSocketFactory - Connecting socket to reqres.in/104.27.135.11:443 with timeout 30000
19:11:31.311 [ForkJoinPool-1-worker-1] DEBUG org.apache.http.conn.ssl.SSLConnectionSocketFactory - Enabled protocols: [TLSv1, TLSv1.1, TLSv1.2]
19:11:31.311 [ForkJoinPool-1-worker-1] DEBUG org.apache.http.conn.ssl.SSLConnectionSocketFactory - Enabled cipher suites:[TLS_ECDHE_ECDSA_WITH_AES_256_CBC_SHA384, TLS_ECDHE_RSA_WITH_AES_256_CBC_SHA384, TLS_RSA_WITH_AES_256_CBC_SHA256, TLS_ECDH_ECDSA_WITH_AES_256_CBC_SHA384, TLS_ECDH_RSA_WITH_AES_256_CBC_SHA384, TLS_DHE_RSA_WITH_AES_256_CBC_SHA256, TLS_DHE_DSS_WITH_AES_256_CBC_SHA256, TLS_ECDHE_ECDSA_WITH_AES_256_CBC_SHA, TLS_ECDHE_RSA_WITH_AES_256_CBC_SHA, TLS_RSA_WITH_AES_256_CBC_SHA, TLS_ECDH_ECDSA_WITH_AES_256_CBC_SHA, TLS_ECDH_RSA_WITH_AES_256_CBC_SHA, TLS_DHE_RSA_WITH_AES_256_CBC_SHA, TLS_DHE_DSS_WITH_AES_256_CBC_SHA, TLS_ECDHE_ECDSA_WITH_AES_128_CBC_SHA256, TLS_ECDHE_RSA_WITH_AES_128_CBC_SHA256, TLS_RSA_WITH_AES_128_CBC_SHA256, TLS_ECDH_ECDSA_WITH_AES_128_CBC_SHA256, TLS_ECDH_RSA_WITH_AES_128_CBC_SHA256, TLS_DHE_RSA_WITH_AES_128_CBC_SHA256, TLS_DHE_DSS_WITH_AES_128_CBC_SHA256, TLS_ECDHE_ECDSA_WITH_AES_128_CBC_SHA, TLS_ECDHE_RSA_WITH_AES_128_CBC_SHA, TLS_RSA_WITH_AES_128_CBC_SHA, TLS_ECDH_ECDSA_WITH_AES_128_CBC_SHA, TLS_ECDH_RSA_WITH_AES_128_CBC_SHA, TLS_DHE_RSA_WITH_AES_128_CBC_SHA, TLS_DHE_DSS_WITH_AES_128_CBC_SHA, TLS_ECDHE_ECDSA_WITH_AES_256_GCM_SHA384, TLS_ECDHE_ECDSA_WITH_AES_128_GCM_SHA256, TLS_ECDHE_RSA_WITH_AES_256_GCM_SHA384, TLS_RSA_WITH_AES_256_GCM_SHA384, TLS_ECDH_ECDSA_WITH_AES_256_GCM_SHA384, TLS_ECDH_RSA_WITH_AES_256_GCM_SHA384, TLS_DHE_RSA_WITH_AES_256_GCM_SHA384, TLS_DHE_DSS_WITH_AES_256_GCM_SHA384, TLS_ECDHE_RSA_WITH_AES_128_GCM_SHA256, TLS_RSA_WITH_AES_128_GCM_SHA256, TLS_ECDH_ECDSA_WITH_AES_128_GCM_SHA256, TLS_ECDH_RSA_WITH_AES_128_GCM_SHA256, TLS_DHE_RSA_WITH_AES_128_GCM_SHA256, TLS_DHE_DSS_WITH_AES_128_GCM_SHA256, TLS_EMPTY_RENEGOTIATION_INFO_SCSV]
19:11:31.312 [ForkJoinPool-1-worker-1] DEBUG org.apache.http.conn.ssl.SSLConnectionSocketFactory - Starting handshake
19:11:31.333 [ForkJoinPool-1-worker-1] DEBUG org.apache.http.conn.ssl.SSLConnectionSocketFactory - Secure session established
19:11:31.333 [ForkJoinPool-1-worker-1] DEBUG org.apache.http.conn.ssl.SSLConnectionSocketFactory -  negotiated protocol: TLSv1.2
19:11:31.334 [ForkJoinPool-1-worker-1] DEBUG org.apache.http.conn.ssl.SSLConnectionSocketFactory -  negotiated cipher suite: TLS_ECDHE_ECDSA_WITH_AES_128_GCM_SHA256
19:11:31.334 [ForkJoinPool-1-worker-1] DEBUG org.apache.http.conn.ssl.SSLConnectionSocketFactory -  peer principal: CN=sni.cloudflaressl.com, O="Cloudflare, Inc.", L=San Francisco, ST=CA, C=US
19:11:31.334 [ForkJoinPool-1-worker-1] DEBUG org.apache.http.conn.ssl.SSLConnectionSocketFactory -  peer alternative names: [reqres.in, sni.cloudflaressl.com, *.reqres.in]
19:11:31.334 [ForkJoinPool-1-worker-1] DEBUG org.apache.http.conn.ssl.SSLConnectionSocketFactory -  issuer principal: CN=Cloudflare Inc ECC CA-3, O="Cloudflare, Inc.", C=US
19:11:31.334 [ForkJoinPool-1-worker-1] DEBUG org.apache.http.impl.conn.DefaultHttpClientConnectionOperator - Connection established 192.168.1.87:53453<->104.27.135.11:443
19:11:31.334 [ForkJoinPool-1-worker-1] DEBUG org.apache.http.impl.conn.DefaultManagedHttpClientConnection - http-outgoing-1: set socket timeout to 30000
19:11:31.334 [ForkJoinPool-1-worker-1] DEBUG org.apache.http.impl.execchain.MainClientExec - Executing request GET /api/users%3Fpage=2 HTTP/1.1
19:11:31.334 [ForkJoinPool-1-worker-1] DEBUG org.apache.http.impl.execchain.MainClientExec - Target auth state: UNCHALLENGED
19:11:31.334 [ForkJoinPool-1-worker-1] DEBUG org.apache.http.impl.execchain.MainClientExec - Proxy auth state: UNCHALLENGED
19:11:31.334 [ForkJoinPool-1-worker-1] DEBUG org.apache.http.headers - http-outgoing-1 >> GET /api/users%3Fpage=2 HTTP/1.1
19:11:31.334 [ForkJoinPool-1-worker-1] DEBUG org.apache.http.headers - http-outgoing-1 >> Host: reqres.in
19:11:31.334 [ForkJoinPool-1-worker-1] DEBUG org.apache.http.headers - http-outgoing-1 >> Connection: Keep-Alive
19:11:31.334 [ForkJoinPool-1-worker-1] DEBUG org.apache.http.headers - http-outgoing-1 >> User-Agent: Apache-HttpClient/4.5.12 (Java/1.8.0_251)
19:11:31.334 [ForkJoinPool-1-worker-1] DEBUG org.apache.http.headers - http-outgoing-1 >> Accept-Encoding: gzip,deflate
19:11:31.334 [ForkJoinPool-1-worker-1] DEBUG org.apache.http.wire - http-outgoing-1 >> "GET /api/users%3Fpage=2 HTTP/1.1[\r][\n]"
19:11:31.334 [ForkJoinPool-1-worker-1] DEBUG org.apache.http.wire - http-outgoing-1 >> "Host: reqres.in[\r][\n]"
19:11:31.334 [ForkJoinPool-1-worker-1] DEBUG org.apache.http.wire - http-outgoing-1 >> "Connection: Keep-Alive[\r][\n]"
19:11:31.335 [ForkJoinPool-1-worker-1] DEBUG org.apache.http.wire - http-outgoing-1 >> "User-Agent: Apache-HttpClient/4.5.12 (Java/1.8.0_251)[\r][\n]"
19:11:31.335 [ForkJoinPool-1-worker-1] DEBUG org.apache.http.wire - http-outgoing-1 >> "Accept-Encoding: gzip,deflate[\r][\n]"
19:11:31.335 [ForkJoinPool-1-worker-1] DEBUG org.apache.http.wire - http-outgoing-1 >> "[\r][\n]"
19:11:31.355 [ForkJoinPool-1-worker-1] DEBUG org.apache.http.wire - http-outgoing-1 << "HTTP/1.1 200 OK[\r][\n]"
19:11:31.355 [ForkJoinPool-1-worker-1] DEBUG org.apache.http.wire - http-outgoing-1 << "Date: Thu, 03 Dec 2020 13:41:31 GMT[\r][\n]"
19:11:31.355 [ForkJoinPool-1-worker-1] DEBUG org.apache.http.wire - http-outgoing-1 << "Content-Type: application/json; charset=utf-8[\r][\n]"
19:11:31.355 [ForkJoinPool-1-worker-1] DEBUG org.apache.http.wire - http-outgoing-1 << "Transfer-Encoding: chunked[\r][\n]"
19:11:31.355 [ForkJoinPool-1-worker-1] DEBUG org.apache.http.wire - http-outgoing-1 << "Connection: keep-alive[\r][\n]"
19:11:31.355 [ForkJoinPool-1-worker-1] DEBUG org.apache.http.wire - http-outgoing-1 << "Set-Cookie: __cfduid=d6284558c9bdfe4063731d4d0015d2f381607002891; expires=Sat, 02-Jan-21 13:41:31 GMT; path=/; domain=.reqres.in; HttpOnly; SameSite=Lax; Secure[\r][\n]"
19:11:31.356 [ForkJoinPool-1-worker-1] DEBUG org.apache.http.wire - http-outgoing-1 << "X-Powered-By: Express[\r][\n]"
19:11:31.356 [ForkJoinPool-1-worker-1] DEBUG org.apache.http.wire - http-outgoing-1 << "Access-Control-Allow-Origin: *[\r][\n]"
19:11:31.356 [ForkJoinPool-1-worker-1] DEBUG org.apache.http.wire - http-outgoing-1 << "Etag: W/"2c1-N6Rqerxquq2kgQhL51EiSg4x0R8"[\r][\n]"
19:11:31.356 [ForkJoinPool-1-worker-1] DEBUG org.apache.http.wire - http-outgoing-1 << "Via: 1.1 vegur[\r][\n]"
19:11:31.356 [ForkJoinPool-1-worker-1] DEBUG org.apache.http.wire - http-outgoing-1 << "Cache-Control: max-age=14400[\r][\n]"
19:11:31.356 [ForkJoinPool-1-worker-1] DEBUG org.apache.http.wire - http-outgoing-1 << "CF-Cache-Status: HIT[\r][\n]"
19:11:31.356 [ForkJoinPool-1-worker-1] DEBUG org.apache.http.wire - http-outgoing-1 << "Age: 1[\r][\n]"
19:11:31.356 [ForkJoinPool-1-worker-1] DEBUG org.apache.http.wire - http-outgoing-1 << "cf-request-id: 06ca6f3b5c000031dbd3b16000000001[\r][\n]"
19:11:31.356 [ForkJoinPool-1-worker-1] DEBUG org.apache.http.wire - http-outgoing-1 << "Expect-CT: max-age=604800, report-uri="https://report-uri.cloudflare.com/cdn-cgi/beacon/expect-ct"[\r][\n]"
19:11:31.356 [ForkJoinPool-1-worker-1] DEBUG org.apache.http.wire - http-outgoing-1 << "Report-To: {"endpoints":[{"url":"https:\/\/a.nel.cloudflare.com\/report?s=DjTpYTK2ouz0EY6dz8dulN3CozpWdRPbSobMH%2Bgk7isCBXc%2F%2Bh9lOVashs%2FttnBzOlBdsVF2e5cKlmC64kJKTF%2F%2Fov5u0GDRAeI%3D"}],"group":"cf-nel","max_age":604800}[\r][\n]"
19:11:31.356 [ForkJoinPool-1-worker-1] DEBUG org.apache.http.wire - http-outgoing-1 << "NEL: {"report_to":"cf-nel","max_age":604800}[\r][\n]"
19:11:31.356 [ForkJoinPool-1-worker-1] DEBUG org.apache.http.wire - http-outgoing-1 << "Vary: Accept-Encoding[\r][\n]"
19:11:31.356 [ForkJoinPool-1-worker-1] DEBUG org.apache.http.wire - http-outgoing-1 << "Server: cloudflare[\r][\n]"
19:11:31.356 [ForkJoinPool-1-worker-1] DEBUG org.apache.http.wire - http-outgoing-1 << "CF-RAY: 5fbdb4a56ace31db-BOM[\r][\n]"
19:11:31.356 [ForkJoinPool-1-worker-1] DEBUG org.apache.http.wire - http-outgoing-1 << "Content-Encoding: gzip[\r][\n]"
19:11:31.356 [ForkJoinPool-1-worker-1] DEBUG org.apache.http.wire - http-outgoing-1 << "[\r][\n]"
19:11:31.356 [ForkJoinPool-1-worker-1] DEBUG org.apache.http.wire - http-outgoing-1 << "170[\r][\n]"
19:11:31.356 [ForkJoinPool-1-worker-1] DEBUG org.apache.http.wire - http-outgoing-1 << "[0x1f][0x8b][0x8][0x0][0x0][0x0][0x0][0x0][0x0][0x3]m[0xd1][0xcd]n[0xdb]0[0xc][0x7][0xf0]W[0xd1][0xd8][0xab][0xbc]X[0xb2]l'[0xba]5Y[0xf6][0x0]Eo[0xc5]P[0xb0]6[0x9b][0x8][0xf5],[0x85][0x92][0xba][0x15]A[0xde][0xbd][0xe8][0x7]\[0x17][0xf0]M[0x82][0xf8][0xff][0x81][0x14][0xcf][0x10][0xf0]@`[0x95][0x84]@|[0xff]qi$$[0x9f]p[0x0][0xab][0xf4][0xe7][0xf1][0xfd]%[0x82][0xd5][0x12]zL[0x8][0xf6][0xee][0xc][0xae]]]>&#x7f;<![CDATA[[0xcf][0x8d][0xf8][0x97][0xc0]BG[0x9c][0x7][0xc2][0x11]$[0xbc][0x10]2X][0x96][0xa5][0x84][0xce][0xf][0x9e][0xc1][0xc2][0xd5]f[0xbd][0xd5][0xbf][0x14]H[0x8]8&?[0xd2][0xfd]3[0xe][0xf9]-[0xa8][0xea][0xc2][0x94][0xba][0x84][0x8b][0xfc] [0xf5]D>[0xe6][0xee][0x18][0x1d][\n]"
19:11:31.356 [ForkJoinPool-1-worker-1] DEBUG org.apache.http.wire - http-outgoing-1 << "[0xf6][0x91][0xe6][0xac][0x9a][0xb1][0xbb][0xd6]Tm[0xbd][0xc4][0xb6][0x85].+5[0xb1][0xd5][0xc4]&[0xce]$[0x98][0xfa]9[0xa9]g[0xe4][0xf6][0xb7][0xda]Tz[0x89][0xdc][0x14][0xaa]i[0xcc]D[0x9a][0x89][0xc4]SF[0x11][0x9f]^[0xe6]d5#[0xdb][0xed][0xce][0xec][0xcc][0x12]i[\n]"
19:11:31.356 [ForkJoinPool-1-worker-1] DEBUG org.apache.http.wire - http-outgoing-1 << "[0xb3]V_][0xd6]_][0xba][0x3][0xf1][0xe0][0x86]o[0xa6][0x99][0x99]{][0xaf][0xab][0xfd][0xf2][0xe4][0xca][0xd4][0xcd]d6[0x93][0xf9]0d[0x12])[0xf3]){[0xf7][0xfd]K[0xeb][0x19]\W[0xdb][0xf2]z[0xbf][0xbc][0xa9]Z[0xab][0x16].]]>&#x7f;<![CDATA[$[0xc4][0x1c][0x82][0xe7][0x4][0xf6][0xc][0x99][0x7][0xb0]pL)D[0xbb]Z1[0x9d][0x98][0xe2]O7[0xae][0xae]>k[0x8a]#a[0xef][0xc6][0x3]HH[0xf4]?[0x81][0x85][/[0x9e][0x88][0x82][0xb8][0xa1][0xd3][\r]E[0xf1][0xc8]DRt~L[0xec][0x1e]rr~[0x8c]"[0xf9]]]>&#x7f;<![CDATA[[0xc8]}[0x14][0x91][0xf8][0x99]Xt>[0xa6]([0x90]I`[0x8]L[0x9d][0xc3]"
19:11:31.356 [ForkJoinPool-1-worker-1] DEBUG org.apache.http.headers - http-outgoing-1 << HTTP/1.1 200 OK
19:11:31.357 [ForkJoinPool-1-worker-1] DEBUG org.apache.http.headers - http-outgoing-1 << Date: Thu, 03 Dec 2020 13:41:31 GMT
19:11:31.357 [ForkJoinPool-1-worker-1] DEBUG org.apache.http.headers - http-outgoing-1 << Content-Type: application/json; charset=utf-8
19:11:31.357 [ForkJoinPool-1-worker-1] DEBUG org.apache.http.headers - http-outgoing-1 << Transfer-Encoding: chunked
19:11:31.357 [ForkJoinPool-1-worker-1] DEBUG org.apache.http.headers - http-outgoing-1 << Connection: keep-alive
19:11:31.357 [ForkJoinPool-1-worker-1] DEBUG org.apache.http.headers - http-outgoing-1 << Set-Cookie: __cfduid=d6284558c9bdfe4063731d4d0015d2f381607002891; expires=Sat, 02-Jan-21 13:41:31 GMT; path=/; domain=.reqres.in; HttpOnly; SameSite=Lax; Secure
19:11:31.357 [ForkJoinPool-1-worker-1] DEBUG org.apache.http.headers - http-outgoing-1 << X-Powered-By: Express
19:11:31.357 [ForkJoinPool-1-worker-1] DEBUG org.apache.http.headers - http-outgoing-1 << Access-Control-Allow-Origin: *
19:11:31.357 [ForkJoinPool-1-worker-1] DEBUG org.apache.http.headers - http-outgoing-1 << Etag: W/"2c1-N6Rqerxquq2kgQhL51EiSg4x0R8"
19:11:31.357 [ForkJoinPool-1-worker-1] DEBUG org.apache.http.headers - http-outgoing-1 << Via: 1.1 vegur
19:11:31.357 [ForkJoinPool-1-worker-1] DEBUG org.apache.http.headers - http-outgoing-1 << Cache-Control: max-age=14400
19:11:31.357 [ForkJoinPool-1-worker-1] DEBUG org.apache.http.headers - http-outgoing-1 << CF-Cache-Status: HIT
19:11:31.357 [ForkJoinPool-1-worker-1] DEBUG org.apache.http.headers - http-outgoing-1 << Age: 1
19:11:31.357 [ForkJoinPool-1-worker-1] DEBUG org.apache.http.headers - http-outgoing-1 << cf-request-id: 06ca6f3b5c000031dbd3b16000000001
19:11:31.357 [ForkJoinPool-1-worker-1] DEBUG org.apache.http.headers - http-outgoing-1 << Expect-CT: max-age=604800, report-uri="https://report-uri.cloudflare.com/cdn-cgi/beacon/expect-ct"
19:11:31.357 [ForkJoinPool-1-worker-1] DEBUG org.apache.http.headers - http-outgoing-1 << Report-To: {"endpoints":[{"url":"https:\/\/a.nel.cloudflare.com\/report?s=DjTpYTK2ouz0EY6dz8dulN3CozpWdRPbSobMH%2Bgk7isCBXc%2F%2Bh9lOVashs%2FttnBzOlBdsVF2e5cKlmC64kJKTF%2F%2Fov5u0GDRAeI%3D"}],"group":"cf-nel","max_age":604800}
19:11:31.357 [ForkJoinPool-1-worker-1] DEBUG org.apache.http.headers - http-outgoing-1 << NEL: {"report_to":"cf-nel","max_age":604800}
19:11:31.357 [ForkJoinPool-1-worker-1] DEBUG org.apache.http.headers - http-outgoing-1 << Vary: Accept-Encoding
19:11:31.357 [ForkJoinPool-1-worker-1] DEBUG org.apache.http.headers - http-outgoing-1 << Server: cloudflare
19:11:31.357 [ForkJoinPool-1-worker-1] DEBUG org.apache.http.headers - http-outgoing-1 << CF-RAY: 5fbdb4a56ace31db-BOM
19:11:31.357 [ForkJoinPool-1-worker-1] DEBUG org.apache.http.headers - http-outgoing-1 << Content-Encoding: gzip
19:11:31.357 [ForkJoinPool-1-worker-1] DEBUG org.apache.http.impl.execchain.MainClientExec - Connection can be kept alive indefinitely
19:11:31.358 [ForkJoinPool-1-worker-1] DEBUG org.apache.http.client.protocol.ResponseProcessCookies - Cookie accepted [__cfduid="d6284558c9bdfe4063731d4d0015d2f381607002891", version:0, domain:reqres.in, path:/, expiry:Sat Jan 02 19:11:31 IST 2021]
19:11:31.358 [ForkJoinPool-1-worker-1] DEBUG org.apache.http.wire - http-outgoing-1 << "D[0xfd][0xf][0xb8]\^[0x1]0[0x9f][0xa1]R[0xc1][0x2][0x0][0x0][\r][\n]"
19:11:31.358 [ForkJoinPool-1-worker-1] DEBUG org.apache.http.wire - http-outgoing-1 << "0[\r][\n]"
19:11:31.359 [ForkJoinPool-1-worker-1] DEBUG org.apache.http.wire - http-outgoing-1 << "[\r][\n]"
19:11:31.359 [ForkJoinPool-1-worker-1] DEBUG org.apache.http.impl.conn.PoolingHttpClientConnectionManager - Connection [id: 1][route: {s}->https://reqres.in:443] can be kept alive indefinitely
19:11:31.359 [ForkJoinPool-1-worker-1] DEBUG org.apache.http.impl.conn.DefaultManagedHttpClientConnection - http-outgoing-1: set socket timeout to 0
19:11:31.359 [ForkJoinPool-1-worker-1] DEBUG org.apache.http.impl.conn.PoolingHttpClientConnectionManager - Connection released: [id: 1][route: {s}->https://reqres.in:443][total available: 1; route allocated: 1 of 5; total allocated: 1 of 10]
19:11:31.359 [ForkJoinPool-1-worker-1] DEBUG com.intuit.karate - response time in milliseconds: 61.92
1 < 200
1 < Access-Control-Allow-Origin: *
1 < Age: 1
1 < CF-Cache-Status: HIT
1 < CF-RAY: 5fbdb4a56ace31db-BOM
1 < Cache-Control: max-age=14400
1 < Connection: keep-alive
1 < Content-Type: application/json; charset=utf-8
1 < Date: Thu, 03 Dec 2020 13:41:31 GMT
1 < Etag: W/"2c1-N6Rqerxquq2kgQhL51EiSg4x0R8"
1 < Expect-CT: max-age=604800, report-uri="https://report-uri.cloudflare.com/cdn-cgi/beacon/expect-ct"
1 < NEL: {"report_to":"cf-nel","max_age":604800}
1 < Report-To: {"endpoints":[{"url":"https:\/\/a.nel.cloudflare.com\/report?s=DjTpYTK2ouz0EY6dz8dulN3CozpWdRPbSobMH%2Bgk7isCBXc%2F%2Bh9lOVashs%2FttnBzOlBdsVF2e5cKlmC64kJKTF%2F%2Fov5u0GDRAeI%3D"}],"group":"cf-nel","max_age":604800}
1 < Server: cloudflare
1 < Set-Cookie: __cfduid=d6284558c9bdfe4063731d4d0015d2f381607002891; expires=Sat, 02-Jan-21 13:41:31 GMT; path=/; domain=.reqres.in; HttpOnly; SameSite=Lax; Secure
1 < Transfer-Encoding: chunked
1 < Vary: Accept-Encoding
1 < Via: 1.1 vegur
1 < X-Powered-By: Express
1 < cf-request-id: 06ca6f3b5c000031dbd3b16000000001
{"page":1,"per_page":6,"total":12,"total_pages":2,"data":[{"id":1,"name":"cerulean","year":2000,"color":"#98B2D1","pantone_value":"15-4020"},{"id":2,"name":"fuchsia rose","year":2001,"color":"#C74375","pantone_value":"17-2031"},{"id":3,"name":"true red","year":2002,"color":"#BF1932","pantone_value":"19-1664"},{"id":4,"name":"aqua sky","year":2003,"color":"#7BC4C4","pantone_value":"14-4811"},{"id":5,"name":"tigerlily","year":2004,"color":"#E2583E","pantone_value":"17-1456"},{"id":6,"name":"blue turquoise","year":2005,"color":"#53B0AE","pantone_value":"15-5217"}],"support":{"url":"https://reqres.in/#support-heading","text":"To keep ReqRes free, contributions towards server costs are appreciated!"}}

19:11:31.360 [ForkJoinPool-1-worker-1] DEBUG com.jayway.jsonpath.internal.path.CompiledPath - Evaluating path: $['page']
19:11:31.361 [ForkJoinPool-1-worker-1] DEBUG com.jayway.jsonpath.internal.path.CompiledPath - Evaluating path: $
19:11:31.361 [ForkJoinPool-1-worker-1] DEBUG com.jayway.jsonpath.internal.path.CompiledPath - Evaluating path: $
19:11:31.361 [ForkJoinPool-1-worker-1] INFO com.intuit.karate - [print] {
  "__arg": null,
  "responseType": "json",
  "responseHeaders": {
    "Date": [
      "Thu, 03 Dec 2020 13:41:31 GMT"
    ],
    "Content-Type": [
      "application/json; charset=utf-8"
    ],
    "Transfer-Encoding": [
      "chunked"
    ],
    "Connection": [
      "keep-alive"
    ],
    "Set-Cookie": [
      "__cfduid=d6284558c9bdfe4063731d4d0015d2f381607002891; expires=Sat, 02-Jan-21 13:41:31 GMT; path=/; domain=.reqres.in; HttpOnly; SameSite=Lax; Secure"
    ],
    "X-Powered-By": [
      "Express"
    ],
    "Access-Control-Allow-Origin": [
      "*"
    ],
    "Etag": [
      "W/\"2c1-N6Rqerxquq2kgQhL51EiSg4x0R8\""
    ],
    "Via": [
      "1.1 vegur"
    ],
    "Cache-Control": [
      "max-age=14400"
    ],
    "CF-Cache-Status": [
      "HIT"
    ],
    "Age": [
      "1"
    ],
    "cf-request-id": [
      "06ca6f3b5c000031dbd3b16000000001"
    ],
    "Expect-CT": [
      "max-age=604800, report-uri=\"https://report-uri.cloudflare.com/cdn-cgi/beacon/expect-ct\""
    ],
    "Report-To": [
      "{\"endpoints\":[{\"url\":\"https:\\/\\/a.nel.cloudflare.com\\/report?s=DjTpYTK2ouz0EY6dz8dulN3CozpWdRPbSobMH%2Bgk7isCBXc%2F%2Bh9lOVashs%2FttnBzOlBdsVF2e5cKlmC64kJKTF%2F%2Fov5u0GDRAeI%3D\"}],\"group\":\"cf-nel\",\"max_age\":604800}"
    ],
    "NEL": [
      "{\"report_to\":\"cf-nel\",\"max_age\":604800}"
    ],
    "Vary": [
      "Accept-Encoding"
    ],
    "Server": [
      "cloudflare"
    ],
    "CF-RAY": [
      "5fbdb4a56ace31db-BOM"
    ]
  },
  "responseTime": 62,
  "response": {
    "per_page": 6,
    "total": 12,
    "data": [
      {
        "color": "#98B2D1",
        "year": 2000,
        "name": "cerulean",
        "id": 1,
        "pantone_value": "15-4020"
      },
      {
        "color": "#C74375",
        "year": 2001,
        "name": "fuchsia rose",
        "id": 2,
        "pantone_value": "17-2031"
      },
      {
        "color": "#BF1932",
        "year": 2002,
        "name": "true red",
        "id": 3,
        "pantone_value": "19-1664"
      },
      {
        "color": "#7BC4C4",
        "year": 2003,
        "name": "aqua sky",
        "id": 4,
        "pantone_value": "14-4811"
      },
      {
        "color": "#E2583E",
        "year": 2004,
        "name": "tigerlily",
        "id": 5,
        "pantone_value": "17-1456"
      },
      {
        "color": "#53B0AE",
        "year": 2005,
        "name": "blue turquoise",
        "id": 6,
        "pantone_value": "15-5217"
      }
    ],
    "page": 1,
    "total_pages": 2,
    "support": {
      "text": "To keep ReqRes free, contributions towards server costs are appreciated!",
      "url": "https://reqres.in/#support-heading"
    }
  },
  "base_url": "https://reqres.in",
  "requestTimeStamp": 1607002891296,
  "responseStatus": 200,
  "__loop": -1,
  "misUsers": "/api/users?page=2",
  "responseCookies": {
    "__cfduid": {
      "name": "__cfduid",
      "value": "d6284558c9bdfe4063731d4d0015d2f381607002891",
      "domain": "reqres.in",
      "path": "/",
      "expires": "1609594891000",
      "persistent": "true",
      "secure": "true"
    }
  }
}

19:11:31.364 [ForkJoinPool-1-worker-1] DEBUG com.jayway.jsonpath.internal.path.CompiledPath - Evaluating path: $['responseType']
19:11:31.367 [ForkJoinPool-1-worker-1] DEBUG com.jayway.jsonpath.internal.path.CompiledPath - Evaluating path: $['responseHeaders']['Transfer-Encoding'][0]
19:11:31.369 [ForkJoinPool-1-worker-1] DEBUG com.jayway.jsonpath.internal.path.CompiledPath - Evaluating path: $['response']['data'][0]['name']
19:11:31.369 [ForkJoinPool-1-worker-1] DEBUG com.jayway.jsonpath.internal.path.CompiledPath - Evaluating path: $
19:11:31.373 [pool-1-thread-1] INFO com.intuit.karate.Runner - <<pass>> feature 2 of 22: classpath:featurefiles/callingfeature.feature
---------------------------------------------------------
feature: classpath:featurefiles/callingfeature.feature
report: build\surefire-reports\featurefiles.callingfeature.json
scenarios:  1 | passed:  1 | failed:  0 | time: 0.0863
---------------------------------------------------------
19:11:31.381 [ForkJoinPool-1-worker-1] INFO com.intuit.karate - from karate-config.js 
19:11:31.382 [ForkJoinPool-1-worker-1] DEBUG com.jayway.jsonpath.internal.path.CompiledPath - Evaluating path: $
19:11:31.383 [ForkJoinPool-1-worker-1] DEBUG org.apache.http.client.protocol.RequestAddCookies - CookieSpec selected: karate
19:11:31.383 [ForkJoinPool-1-worker-1] DEBUG org.apache.http.client.protocol.RequestAuthCache - Auth cache not set in the context
19:11:31.383 [ForkJoinPool-1-worker-1] DEBUG com.intuit.karate - request:
1 > GET https://reqres.in/api/users%3Fpage=2
1 > Accept-Encoding: gzip,deflate
1 > Connection: Keep-Alive
1 > Host: reqres.in
1 > User-Agent: Apache-HttpClient/4.5.12 (Java/1.8.0_251)

19:11:31.383 [ForkJoinPool-1-worker-1] DEBUG org.apache.http.impl.conn.PoolingHttpClientConnectionManager - Connection request: [route: {s}->https://reqres.in:443][total available: 0; route allocated: 0 of 5; total allocated: 0 of 10]
19:11:31.383 [ForkJoinPool-1-worker-1] DEBUG org.apache.http.impl.conn.PoolingHttpClientConnectionManager - Connection leased: [id: 2][route: {s}->https://reqres.in:443][total available: 0; route allocated: 1 of 5; total allocated: 1 of 10]
19:11:31.384 [ForkJoinPool-1-worker-1] DEBUG org.apache.http.impl.execchain.MainClientExec - Opening connection {s}->https://reqres.in:443
19:11:31.384 [ForkJoinPool-1-worker-1] DEBUG org.apache.http.impl.conn.DefaultHttpClientConnectionOperator - Connecting to reqres.in/104.27.135.11:443
19:11:31.384 [ForkJoinPool-1-worker-1] DEBUG org.apache.http.conn.ssl.SSLConnectionSocketFactory - Connecting socket to reqres.in/104.27.135.11:443 with timeout 30000
19:11:31.400 [ForkJoinPool-1-worker-1] DEBUG org.apache.http.conn.ssl.SSLConnectionSocketFactory - Enabled protocols: [TLSv1, TLSv1.1, TLSv1.2]
19:11:31.400 [ForkJoinPool-1-worker-1] DEBUG org.apache.http.conn.ssl.SSLConnectionSocketFactory - Enabled cipher suites:[TLS_ECDHE_ECDSA_WITH_AES_256_CBC_SHA384, TLS_ECDHE_RSA_WITH_AES_256_CBC_SHA384, TLS_RSA_WITH_AES_256_CBC_SHA256, TLS_ECDH_ECDSA_WITH_AES_256_CBC_SHA384, TLS_ECDH_RSA_WITH_AES_256_CBC_SHA384, TLS_DHE_RSA_WITH_AES_256_CBC_SHA256, TLS_DHE_DSS_WITH_AES_256_CBC_SHA256, TLS_ECDHE_ECDSA_WITH_AES_256_CBC_SHA, TLS_ECDHE_RSA_WITH_AES_256_CBC_SHA, TLS_RSA_WITH_AES_256_CBC_SHA, TLS_ECDH_ECDSA_WITH_AES_256_CBC_SHA, TLS_ECDH_RSA_WITH_AES_256_CBC_SHA, TLS_DHE_RSA_WITH_AES_256_CBC_SHA, TLS_DHE_DSS_WITH_AES_256_CBC_SHA, TLS_ECDHE_ECDSA_WITH_AES_128_CBC_SHA256, TLS_ECDHE_RSA_WITH_AES_128_CBC_SHA256, TLS_RSA_WITH_AES_128_CBC_SHA256, TLS_ECDH_ECDSA_WITH_AES_128_CBC_SHA256, TLS_ECDH_RSA_WITH_AES_128_CBC_SHA256, TLS_DHE_RSA_WITH_AES_128_CBC_SHA256, TLS_DHE_DSS_WITH_AES_128_CBC_SHA256, TLS_ECDHE_ECDSA_WITH_AES_128_CBC_SHA, TLS_ECDHE_RSA_WITH_AES_128_CBC_SHA, TLS_RSA_WITH_AES_128_CBC_SHA, TLS_ECDH_ECDSA_WITH_AES_128_CBC_SHA, TLS_ECDH_RSA_WITH_AES_128_CBC_SHA, TLS_DHE_RSA_WITH_AES_128_CBC_SHA, TLS_DHE_DSS_WITH_AES_128_CBC_SHA, TLS_ECDHE_ECDSA_WITH_AES_256_GCM_SHA384, TLS_ECDHE_ECDSA_WITH_AES_128_GCM_SHA256, TLS_ECDHE_RSA_WITH_AES_256_GCM_SHA384, TLS_RSA_WITH_AES_256_GCM_SHA384, TLS_ECDH_ECDSA_WITH_AES_256_GCM_SHA384, TLS_ECDH_RSA_WITH_AES_256_GCM_SHA384, TLS_DHE_RSA_WITH_AES_256_GCM_SHA384, TLS_DHE_DSS_WITH_AES_256_GCM_SHA384, TLS_ECDHE_RSA_WITH_AES_128_GCM_SHA256, TLS_RSA_WITH_AES_128_GCM_SHA256, TLS_ECDH_ECDSA_WITH_AES_128_GCM_SHA256, TLS_ECDH_RSA_WITH_AES_128_GCM_SHA256, TLS_DHE_RSA_WITH_AES_128_GCM_SHA256, TLS_DHE_DSS_WITH_AES_128_GCM_SHA256, TLS_EMPTY_RENEGOTIATION_INFO_SCSV]
19:11:31.400 [ForkJoinPool-1-worker-1] DEBUG org.apache.http.conn.ssl.SSLConnectionSocketFactory - Starting handshake
19:11:31.427 [ForkJoinPool-1-worker-1] DEBUG org.apache.http.conn.ssl.SSLConnectionSocketFactory - Secure session established
19:11:31.427 [ForkJoinPool-1-worker-1] DEBUG org.apache.http.conn.ssl.SSLConnectionSocketFactory -  negotiated protocol: TLSv1.2
19:11:31.427 [ForkJoinPool-1-worker-1] DEBUG org.apache.http.conn.ssl.SSLConnectionSocketFactory -  negotiated cipher suite: TLS_ECDHE_ECDSA_WITH_AES_128_GCM_SHA256
19:11:31.427 [ForkJoinPool-1-worker-1] DEBUG org.apache.http.conn.ssl.SSLConnectionSocketFactory -  peer principal: CN=sni.cloudflaressl.com, O="Cloudflare, Inc.", L=San Francisco, ST=CA, C=US
19:11:31.427 [ForkJoinPool-1-worker-1] DEBUG org.apache.http.conn.ssl.SSLConnectionSocketFactory -  peer alternative names: [reqres.in, sni.cloudflaressl.com, *.reqres.in]
19:11:31.428 [ForkJoinPool-1-worker-1] DEBUG org.apache.http.conn.ssl.SSLConnectionSocketFactory -  issuer principal: CN=Cloudflare Inc ECC CA-3, O="Cloudflare, Inc.", C=US
19:11:31.428 [ForkJoinPool-1-worker-1] DEBUG org.apache.http.impl.conn.DefaultHttpClientConnectionOperator - Connection established 192.168.1.87:53454<->104.27.135.11:443
19:11:31.428 [ForkJoinPool-1-worker-1] DEBUG org.apache.http.impl.conn.DefaultManagedHttpClientConnection - http-outgoing-2: set socket timeout to 30000
19:11:31.428 [ForkJoinPool-1-worker-1] DEBUG org.apache.http.impl.execchain.MainClientExec - Executing request GET /api/users%3Fpage=2 HTTP/1.1
19:11:31.428 [ForkJoinPool-1-worker-1] DEBUG org.apache.http.impl.execchain.MainClientExec - Target auth state: UNCHALLENGED
19:11:31.428 [ForkJoinPool-1-worker-1] DEBUG org.apache.http.impl.execchain.MainClientExec - Proxy auth state: UNCHALLENGED
19:11:31.428 [ForkJoinPool-1-worker-1] DEBUG org.apache.http.headers - http-outgoing-2 >> GET /api/users%3Fpage=2 HTTP/1.1
19:11:31.428 [ForkJoinPool-1-worker-1] DEBUG org.apache.http.headers - http-outgoing-2 >> Host: reqres.in
19:11:31.428 [ForkJoinPool-1-worker-1] DEBUG org.apache.http.headers - http-outgoing-2 >> Connection: Keep-Alive
19:11:31.428 [ForkJoinPool-1-worker-1] DEBUG org.apache.http.headers - http-outgoing-2 >> User-Agent: Apache-HttpClient/4.5.12 (Java/1.8.0_251)
19:11:31.428 [ForkJoinPool-1-worker-1] DEBUG org.apache.http.headers - http-outgoing-2 >> Accept-Encoding: gzip,deflate
19:11:31.428 [ForkJoinPool-1-worker-1] DEBUG org.apache.http.wire - http-outgoing-2 >> "GET /api/users%3Fpage=2 HTTP/1.1[\r][\n]"
19:11:31.428 [ForkJoinPool-1-worker-1] DEBUG org.apache.http.wire - http-outgoing-2 >> "Host: reqres.in[\r][\n]"
19:11:31.428 [ForkJoinPool-1-worker-1] DEBUG org.apache.http.wire - http-outgoing-2 >> "Connection: Keep-Alive[\r][\n]"
19:11:31.428 [ForkJoinPool-1-worker-1] DEBUG org.apache.http.wire - http-outgoing-2 >> "User-Agent: Apache-HttpClient/4.5.12 (Java/1.8.0_251)[\r][\n]"
19:11:31.428 [ForkJoinPool-1-worker-1] DEBUG org.apache.http.wire - http-outgoing-2 >> "Accept-Encoding: gzip,deflate[\r][\n]"
19:11:31.428 [ForkJoinPool-1-worker-1] DEBUG org.apache.http.wire - http-outgoing-2 >> "[\r][\n]"
19:11:31.462 [ForkJoinPool-1-worker-1] DEBUG org.apache.http.wire - http-outgoing-2 << "HTTP/1.1 200 OK[\r][\n]"
19:11:31.462 [ForkJoinPool-1-worker-1] DEBUG org.apache.http.wire - http-outgoing-2 << "Date: Thu, 03 Dec 2020 13:41:31 GMT[\r][\n]"
19:11:31.462 [ForkJoinPool-1-worker-1] DEBUG org.apache.http.wire - http-outgoing-2 << "Content-Type: application/json; charset=utf-8[\r][\n]"
19:11:31.462 [ForkJoinPool-1-worker-1] DEBUG org.apache.http.wire - http-outgoing-2 << "Transfer-Encoding: chunked[\r][\n]"
19:11:31.462 [ForkJoinPool-1-worker-1] DEBUG org.apache.http.wire - http-outgoing-2 << "Connection: keep-alive[\r][\n]"
19:11:31.462 [ForkJoinPool-1-worker-1] DEBUG org.apache.http.wire - http-outgoing-2 << "Set-Cookie: __cfduid=d2bccb715cfb78b30463af4cbafac77fd1607002891; expires=Sat, 02-Jan-21 13:41:31 GMT; path=/; domain=.reqres.in; HttpOnly; SameSite=Lax; Secure[\r][\n]"
19:11:31.462 [ForkJoinPool-1-worker-1] DEBUG org.apache.http.wire - http-outgoing-2 << "X-Powered-By: Express[\r][\n]"
19:11:31.462 [ForkJoinPool-1-worker-1] DEBUG org.apache.http.wire - http-outgoing-2 << "Access-Control-Allow-Origin: *[\r][\n]"
19:11:31.462 [ForkJoinPool-1-worker-1] DEBUG org.apache.http.wire - http-outgoing-2 << "Etag: W/"2c1-N6Rqerxquq2kgQhL51EiSg4x0R8"[\r][\n]"
19:11:31.462 [ForkJoinPool-1-worker-1] DEBUG org.apache.http.wire - http-outgoing-2 << "Via: 1.1 vegur[\r][\n]"
19:11:31.462 [ForkJoinPool-1-worker-1] DEBUG org.apache.http.wire - http-outgoing-2 << "Cache-Control: max-age=14400[\r][\n]"
19:11:31.462 [ForkJoinPool-1-worker-1] DEBUG org.apache.http.wire - http-outgoing-2 << "CF-Cache-Status: HIT[\r][\n]"
19:11:31.462 [ForkJoinPool-1-worker-1] DEBUG org.apache.http.wire - http-outgoing-2 << "Age: 1[\r][\n]"
19:11:31.463 [ForkJoinPool-1-worker-1] DEBUG org.apache.http.wire - http-outgoing-2 << "cf-request-id: 06ca6f3bbb0000d597901a9000000001[\r][\n]"
19:11:31.463 [ForkJoinPool-1-worker-1] DEBUG org.apache.http.wire - http-outgoing-2 << "Expect-CT: max-age=604800, report-uri="https://report-uri.cloudflare.com/cdn-cgi/beacon/expect-ct"[\r][\n]"
19:11:31.463 [ForkJoinPool-1-worker-1] DEBUG org.apache.http.wire - http-outgoing-2 << "Report-To: {"endpoints":[{"url":"https:\/\/a.nel.cloudflare.com\/report?s=vxyE3HwXjVO4gBWJv3oY4dDx%2FKcDdMd1HxBpnkJtzk3mz6hDnqDPHZ5u2GfvWkquP2ybK9UxXQbPOw7C%2Bf9hLylM2XQrsIQAG58%3D"}],"group":"cf-nel","max_age":604800}[\r][\n]"
19:11:31.463 [ForkJoinPool-1-worker-1] DEBUG org.apache.http.wire - http-outgoing-2 << "NEL: {"report_to":"cf-nel","max_age":604800}[\r][\n]"
19:11:31.463 [ForkJoinPool-1-worker-1] DEBUG org.apache.http.wire - http-outgoing-2 << "Vary: Accept-Encoding[\r][\n]"
19:11:31.463 [ForkJoinPool-1-worker-1] DEBUG org.apache.http.wire - http-outgoing-2 << "Server: cloudflare[\r][\n]"
19:11:31.463 [ForkJoinPool-1-worker-1] DEBUG org.apache.http.wire - http-outgoing-2 << "CF-RAY: 5fbdb4a5fbbfd597-BOM[\r][\n]"
19:11:31.463 [ForkJoinPool-1-worker-1] DEBUG org.apache.http.wire - http-outgoing-2 << "Content-Encoding: gzip[\r][\n]"
19:11:31.463 [ForkJoinPool-1-worker-1] DEBUG org.apache.http.wire - http-outgoing-2 << "[\r][\n]"
19:11:31.463 [ForkJoinPool-1-worker-1] DEBUG org.apache.http.wire - http-outgoing-2 << "170[\r][\n]"
19:11:31.463 [ForkJoinPool-1-worker-1] DEBUG org.apache.http.wire - http-outgoing-2 << "[0x1f][0x8b][0x8][0x0][0x0][0x0][0x0][0x0][0x0][0x3]m[0xd1][0xcd]n[0xdb]0[0xc][0x7][0xf0]W[0xd1][0xd8][0xab][0xbc]X[0xb2]l'[0xba]5Y[0xf6][0x0]Eo[0xc5]P[0xb0]6[0x9b][0x8][0xf5],[0x85][0x92][0xba][0x15]A[0xde][0xbd][0xe8][0x7]\[0x17][0xf0]M[0x82][0xf8][0xff][0x81][0x14][0xcf][0x10][0xf0]@`[0x95][0x84]@|[0xff]qi$$[0x9f]p[0x0][0xab][0xf4][0xe7][0xf1][0xfd]%[0x82][0xd5][0x12]zL[0x8][0xf6][0xee][0xc][0xae]]]>&#x7f;<![CDATA[[0xcf][0x8d][0xf8][0x97][0xc0]BG[0x9c][0x7][0xc2][0x11]$[0xbc][0x10]2X][0x96][0xa5][0x84][0xce][0xf][0x9e][0xc1][0xc2][0xd5]f[0xbd][0xd5][0xbf][0x14]H[0x8]8&?[0xd2][0xfd]3[0xe][0xf9]-[0xa8][0xea][0xc2][0x94][0xba][0x84][0x8b][0xfc] [0xf5]D>[0xe6][0xee][0x18][0x1d][\n]"
19:11:31.463 [ForkJoinPool-1-worker-1] DEBUG org.apache.http.wire - http-outgoing-2 << "[0xf6][0x91][0xe6][0xac][0x9a][0xb1][0xbb][0xd6]Tm[0xbd][0xc4][0xb6][0x85].+5[0xb1][0xd5][0xc4]&[0xce]$[0x98][0xfa]9[0xa9]g[0xe4][0xf6][0xb7][0xda]Tz[0x89][0xdc][0x14][0xaa]i[0xcc]D[0x9a][0x89][0xc4]SF[0x11][0x9f]^[0xe6]d5#[0xdb][0xed][0xce][0xec][0xcc][0x12]i[\n]"
19:11:31.463 [ForkJoinPool-1-worker-1] DEBUG org.apache.http.wire - http-outgoing-2 << "[0xb3]V_][0xd6]_][0xba][0x3][0xf1][0xe0][0x86]o[0xa6][0x99][0x99]{][0xaf][0xab][0xfd][0xf2][0xe4][0xca][0xd4][0xcd]d6[0x93][0xf9]0d[0x12])[0xf3]){[0xf7][0xfd]K[0xeb][0x19]\W[0xdb][0xf2]z[0xbf][0xbc][0xa9]Z[0xab][0x16].]]>&#x7f;<![CDATA[$[0xc4][0x1c][0x82][0xe7][0x4][0xf6][0xc][0x99][0x7][0xb0]pL)D[0xbb]Z1[0x9d][0x98][0xe2]O7[0xae][0xae]>k[0x8a]#a[0xef][0xc6][0x3]HH[0xf4]?[0x81][0x85][/[0x9e][0x88][0x82][0xb8][0xa1][0xd3][\r]E[0xf1][0xc8]DRt~L[0xec][0x1e]rr~[0x8c]"[0xf9]]]>&#x7f;<![CDATA[[0xc8]}[0x14][0x91][0xf8][0x99]Xt>[0xa6]([0x90]I`[0x8]L[0x9d][0xc3]D[0xfd][0xf][0xb8]\^[0x1]0"
19:11:31.463 [ForkJoinPool-1-worker-1] DEBUG org.apache.http.headers - http-outgoing-2 << HTTP/1.1 200 OK
19:11:31.463 [ForkJoinPool-1-worker-1] DEBUG org.apache.http.headers - http-outgoing-2 << Date: Thu, 03 Dec 2020 13:41:31 GMT
19:11:31.463 [ForkJoinPool-1-worker-1] DEBUG org.apache.http.headers - http-outgoing-2 << Content-Type: application/json; charset=utf-8
19:11:31.463 [ForkJoinPool-1-worker-1] DEBUG org.apache.http.headers - http-outgoing-2 << Transfer-Encoding: chunked
19:11:31.463 [ForkJoinPool-1-worker-1] DEBUG org.apache.http.headers - http-outgoing-2 << Connection: keep-alive
19:11:31.463 [ForkJoinPool-1-worker-1] DEBUG org.apache.http.headers - http-outgoing-2 << Set-Cookie: __cfduid=d2bccb715cfb78b30463af4cbafac77fd1607002891; expires=Sat, 02-Jan-21 13:41:31 GMT; path=/; domain=.reqres.in; HttpOnly; SameSite=Lax; Secure
19:11:31.463 [ForkJoinPool-1-worker-1] DEBUG org.apache.http.headers - http-outgoing-2 << X-Powered-By: Express
19:11:31.463 [ForkJoinPool-1-worker-1] DEBUG org.apache.http.headers - http-outgoing-2 << Access-Control-Allow-Origin: *
19:11:31.463 [ForkJoinPool-1-worker-1] DEBUG org.apache.http.headers - http-outgoing-2 << Etag: W/"2c1-N6Rqerxquq2kgQhL51EiSg4x0R8"
19:11:31.463 [ForkJoinPool-1-worker-1] DEBUG org.apache.http.headers - http-outgoing-2 << Via: 1.1 vegur
19:11:31.463 [ForkJoinPool-1-worker-1] DEBUG org.apache.http.headers - http-outgoing-2 << Cache-Control: max-age=14400
19:11:31.463 [ForkJoinPool-1-worker-1] DEBUG org.apache.http.headers - http-outgoing-2 << CF-Cache-Status: HIT
19:11:31.463 [ForkJoinPool-1-worker-1] DEBUG org.apache.http.headers - http-outgoing-2 << Age: 1
19:11:31.464 [ForkJoinPool-1-worker-1] DEBUG org.apache.http.headers - http-outgoing-2 << cf-request-id: 06ca6f3bbb0000d597901a9000000001
19:11:31.464 [ForkJoinPool-1-worker-1] DEBUG org.apache.http.headers - http-outgoing-2 << Expect-CT: max-age=604800, report-uri="https://report-uri.cloudflare.com/cdn-cgi/beacon/expect-ct"
19:11:31.464 [ForkJoinPool-1-worker-1] DEBUG org.apache.http.headers - http-outgoing-2 << Report-To: {"endpoints":[{"url":"https:\/\/a.nel.cloudflare.com\/report?s=vxyE3HwXjVO4gBWJv3oY4dDx%2FKcDdMd1HxBpnkJtzk3mz6hDnqDPHZ5u2GfvWkquP2ybK9UxXQbPOw7C%2Bf9hLylM2XQrsIQAG58%3D"}],"group":"cf-nel","max_age":604800}
19:11:31.464 [ForkJoinPool-1-worker-1] DEBUG org.apache.http.headers - http-outgoing-2 << NEL: {"report_to":"cf-nel","max_age":604800}
19:11:31.464 [ForkJoinPool-1-worker-1] DEBUG org.apache.http.headers - http-outgoing-2 << Vary: Accept-Encoding
19:11:31.464 [ForkJoinPool-1-worker-1] DEBUG org.apache.http.headers - http-outgoing-2 << Server: cloudflare
19:11:31.464 [ForkJoinPool-1-worker-1] DEBUG org.apache.http.headers - http-outgoing-2 << CF-RAY: 5fbdb4a5fbbfd597-BOM
19:11:31.464 [ForkJoinPool-1-worker-1] DEBUG org.apache.http.headers - http-outgoing-2 << Content-Encoding: gzip
19:11:31.464 [ForkJoinPool-1-worker-1] DEBUG org.apache.http.impl.execchain.MainClientExec - Connection can be kept alive indefinitely
19:11:31.464 [ForkJoinPool-1-worker-1] DEBUG org.apache.http.client.protocol.ResponseProcessCookies - Cookie accepted [__cfduid="d2bccb715cfb78b30463af4cbafac77fd1607002891", version:0, domain:reqres.in, path:/, expiry:Sat Jan 02 19:11:31 IST 2021]
19:11:31.465 [ForkJoinPool-1-worker-1] DEBUG org.apache.http.wire - http-outgoing-2 << "[0x9f][0xa1]R[0xc1][0x2][0x0][0x0][\r][\n]"
19:11:31.465 [ForkJoinPool-1-worker-1] DEBUG org.apache.http.wire - http-outgoing-2 << "0[\r][\n]"
19:11:31.465 [ForkJoinPool-1-worker-1] DEBUG org.apache.http.wire - http-outgoing-2 << "[\r][\n]"
19:11:31.465 [ForkJoinPool-1-worker-1] DEBUG org.apache.http.impl.conn.PoolingHttpClientConnectionManager - Connection [id: 2][route: {s}->https://reqres.in:443] can be kept alive indefinitely
19:11:31.465 [ForkJoinPool-1-worker-1] DEBUG org.apache.http.impl.conn.DefaultManagedHttpClientConnection - http-outgoing-2: set socket timeout to 0
19:11:31.465 [ForkJoinPool-1-worker-1] DEBUG org.apache.http.impl.conn.PoolingHttpClientConnectionManager - Connection released: [id: 2][route: {s}->https://reqres.in:443][total available: 1; route allocated: 1 of 5; total allocated: 1 of 10]
19:11:31.465 [ForkJoinPool-1-worker-1] DEBUG com.intuit.karate - response time in milliseconds: 80.77
1 < 200
1 < Access-Control-Allow-Origin: *
1 < Age: 1
1 < CF-Cache-Status: HIT
1 < CF-RAY: 5fbdb4a5fbbfd597-BOM
1 < Cache-Control: max-age=14400
1 < Connection: keep-alive
1 < Content-Type: application/json; charset=utf-8
1 < Date: Thu, 03 Dec 2020 13:41:31 GMT
1 < Etag: W/"2c1-N6Rqerxquq2kgQhL51EiSg4x0R8"
1 < Expect-CT: max-age=604800, report-uri="https://report-uri.cloudflare.com/cdn-cgi/beacon/expect-ct"
1 < NEL: {"report_to":"cf-nel","max_age":604800}
1 < Report-To: {"endpoints":[{"url":"https:\/\/a.nel.cloudflare.com\/report?s=vxyE3HwXjVO4gBWJv3oY4dDx%2FKcDdMd1HxBpnkJtzk3mz6hDnqDPHZ5u2GfvWkquP2ybK9UxXQbPOw7C%2Bf9hLylM2XQrsIQAG58%3D"}],"group":"cf-nel","max_age":604800}
1 < Server: cloudflare
1 < Set-Cookie: __cfduid=d2bccb715cfb78b30463af4cbafac77fd1607002891; expires=Sat, 02-Jan-21 13:41:31 GMT; path=/; domain=.reqres.in; HttpOnly; SameSite=Lax; Secure
1 < Transfer-Encoding: chunked
1 < Vary: Accept-Encoding
1 < Via: 1.1 vegur
1 < X-Powered-By: Express
1 < cf-request-id: 06ca6f3bbb0000d597901a9000000001
{"page":1,"per_page":6,"total":12,"total_pages":2,"data":[{"id":1,"name":"cerulean","year":2000,"color":"#98B2D1","pantone_value":"15-4020"},{"id":2,"name":"fuchsia rose","year":2001,"color":"#C74375","pantone_value":"17-2031"},{"id":3,"name":"true red","year":2002,"color":"#BF1932","pantone_value":"19-1664"},{"id":4,"name":"aqua sky","year":2003,"color":"#7BC4C4","pantone_value":"14-4811"},{"id":5,"name":"tigerlily","year":2004,"color":"#E2583E","pantone_value":"17-1456"},{"id":6,"name":"blue turquoise","year":2005,"color":"#53B0AE","pantone_value":"15-5217"}],"support":{"url":"https://reqres.in/#support-heading","text":"To keep ReqRes free, contributions towards server costs are appreciated!"}}

19:11:31.469 [pool-1-thread-1] INFO com.intuit.karate.Runner - <<pass>> feature 3 of 22: classpath:featurefiles/karate-config.feature
---------------------------------------------------------
feature: classpath:featurefiles/karate-config.feature
report: build\surefire-reports\featurefiles.karate-config.json
scenarios:  1 | passed:  1 | failed:  0 | time: 0.0831
---------------------------------------------------------
19:11:31.485 [ForkJoinPool-1-worker-1] INFO com.intuit.karate - from karate-config.js 
19:11:31.486 [ForkJoinPool-1-worker-1] DEBUG com.jayway.jsonpath.internal.path.CompiledPath - Evaluating path: $
19:11:31.497 [ForkJoinPool-1-worker-1] INFO com.intuit.karate - [print] c =  30.0
19:11:31.500 [ForkJoinPool-1-worker-1] INFO com.intuit.karate - test ended 
19:11:31.505 [ForkJoinPool-1-worker-1] INFO com.intuit.karate - from karate-config.js 
19:11:31.505 [ForkJoinPool-1-worker-1] DEBUG com.jayway.jsonpath.internal.path.CompiledPath - Evaluating path: $
19:11:31.510 [ForkJoinPool-1-worker-1] INFO com.intuit.karate - [print] c =  60.0
19:11:31.510 [ForkJoinPool-1-worker-1] INFO com.intuit.karate - test ended 
19:11:31.516 [ForkJoinPool-1-worker-1] INFO com.intuit.karate - from karate-config.js 
19:11:31.517 [ForkJoinPool-1-worker-1] DEBUG com.jayway.jsonpath.internal.path.CompiledPath - Evaluating path: $
19:11:31.522 [ForkJoinPool-1-worker-1] INFO com.intuit.karate - [print] c =  90.0
19:11:31.522 [ForkJoinPool-1-worker-1] INFO com.intuit.karate - test ended 
19:11:31.526 [pool-1-thread-1] INFO com.intuit.karate.Runner - <<pass>> feature 4 of 22: classpath:featurefiles/karate01.feature
---------------------------------------------------------
feature: classpath:featurefiles/karate01.feature
report: build\surefire-reports\featurefiles.karate01.json
scenarios:  3 | passed:  3 | failed:  0 | time: 0.0233
---------------------------------------------------------
19:11:31.534 [ForkJoinPool-1-worker-1] INFO com.intuit.karate - from karate-config.js 
19:11:31.534 [ForkJoinPool-1-worker-1] DEBUG com.jayway.jsonpath.internal.path.CompiledPath - Evaluating path: $
19:11:31.535 [ForkJoinPool-1-worker-1] DEBUG com.jayway.jsonpath.internal.path.CompiledPath - Evaluating path: $
19:11:31.535 [ForkJoinPool-1-worker-1] DEBUG com.jayway.jsonpath.internal.path.CompiledPath - Evaluating path: $
19:11:31.535 [ForkJoinPool-1-worker-1] INFO com.intuit.karate - [print] {
  "id": "101",
  "tool": {
    "name": "Karate",
    "version": "0.9.6"
  }
}

19:11:31.539 [ForkJoinPool-1-worker-1] DEBUG com.jayway.jsonpath.internal.path.CompiledPath - Evaluating path: $
19:11:31.544 [ForkJoinPool-1-worker-1] DEBUG com.jayway.jsonpath.internal.path.CompiledPath - Evaluating path: $
19:11:31.547 [ForkJoinPool-1-worker-1] DEBUG com.jayway.jsonpath.internal.path.CompiledPath - Evaluating path: $
19:11:31.548 [ForkJoinPool-1-worker-1] DEBUG com.jayway.jsonpath.internal.path.CompiledPath - Evaluating path: $
19:11:31.548 [ForkJoinPool-1-worker-1] DEBUG com.jayway.jsonpath.internal.path.CompiledPath - Evaluating path: $['tool']
19:11:31.548 [ForkJoinPool-1-worker-1] DEBUG com.jayway.jsonpath.internal.path.CompiledPath - Evaluating path: $
19:11:31.552 [ForkJoinPool-1-worker-1] INFO com.intuit.karate - from karate-config.js 
19:11:31.552 [ForkJoinPool-1-worker-1] DEBUG com.jayway.jsonpath.internal.path.CompiledPath - Evaluating path: $
19:11:31.552 [ForkJoinPool-1-worker-1] DEBUG com.jayway.jsonpath.internal.path.CompiledPath - Evaluating path: $
19:11:31.553 [ForkJoinPool-1-worker-1] DEBUG com.jayway.jsonpath.internal.path.CompiledPath - Evaluating path: $
19:11:31.553 [ForkJoinPool-1-worker-1] INFO com.intuit.karate - [print] {
  "id": "101",
  "tool": {
    "name": "Karate",
    "version": "0.9.6"
  }
}

19:11:31.553 [ForkJoinPool-1-worker-1] DEBUG com.jayway.jsonpath.internal.path.CompiledPath - Evaluating path: $
19:11:31.554 [ForkJoinPool-1-worker-1] DEBUG com.jayway.jsonpath.internal.path.CompiledPath - Evaluating path: $
19:11:31.554 [ForkJoinPool-1-worker-1] DEBUG com.jayway.jsonpath.internal.path.CompiledPath - Evaluating path: $
19:11:31.554 [ForkJoinPool-1-worker-1] DEBUG com.jayway.jsonpath.internal.path.CompiledPath - Evaluating path: $
19:11:31.554 [ForkJoinPool-1-worker-1] DEBUG com.jayway.jsonpath.internal.path.CompiledPath - Evaluating path: $['tool']
19:11:31.555 [ForkJoinPool-1-worker-1] DEBUG com.jayway.jsonpath.internal.path.CompiledPath - Evaluating path: $
19:11:31.558 [pool-1-thread-1] INFO com.intuit.karate.Runner - <<pass>> feature 5 of 22: classpath:featurefiles/karate02.feature
---------------------------------------------------------
feature: classpath:featurefiles/karate02.feature
report: build\surefire-reports\featurefiles.karate02.json
scenarios:  2 | passed:  2 | failed:  0 | time: 0.0150
---------------------------------------------------------
19:11:31.564 [ForkJoinPool-1-worker-1] INFO com.intuit.karate - from karate-config.js 
19:11:31.565 [ForkJoinPool-1-worker-1] DEBUG com.jayway.jsonpath.internal.path.CompiledPath - Evaluating path: $
19:11:31.571 [ForkJoinPool-1-worker-1] INFO com.intuit.karate - [print] <info>
  <id>101</id>
  <tool>
    <name>Karate</name>
    <version>0.9.6</version>
  </tool>
</info>

19:11:31.598 [ForkJoinPool-1-worker-1] INFO com.intuit.karate - from karate-config.js 
19:11:31.599 [ForkJoinPool-1-worker-1] DEBUG com.jayway.jsonpath.internal.path.CompiledPath - Evaluating path: $
19:11:31.600 [ForkJoinPool-1-worker-1] INFO com.intuit.karate - [print] <info>
  <id>101</id>
  <tool>
    <name>Karate</name>
    <version>0.9.6</version>
  </tool>
  <tool>
    <name>IntelliJ</name>
    <version>2020.2</version>
  </tool>
</info>

19:11:31.615 [pool-1-thread-1] INFO com.intuit.karate.Runner - <<fail>> feature 6 of 22: classpath:featurefiles/karate03.feature
---------------------------------------------------------
feature: classpath:featurefiles/karate03.feature
report: build\surefire-reports\featurefiles.karate03.json
scenarios:  2 | passed:  1 | failed:  1 | time: 0.0401
---------------------------------------------------------
19:11:31.621 [ForkJoinPool-1-worker-1] INFO com.intuit.karate - from karate-config.js 
19:11:31.621 [ForkJoinPool-1-worker-1] DEBUG com.jayway.jsonpath.internal.path.CompiledPath - Evaluating path: $
19:11:31.632 [ForkJoinPool-1-worker-1] DEBUG org.apache.http.client.protocol.RequestAddCookies - CookieSpec selected: karate
19:11:31.632 [ForkJoinPool-1-worker-1] DEBUG org.apache.http.client.protocol.RequestAuthCache - Auth cache not set in the context
19:11:31.633 [ForkJoinPool-1-worker-1] DEBUG com.intuit.karate - request:
1 > POST https://www.w3schools.com/xml/tempconvert.asmx
1 > Accept-Encoding: gzip,deflate
1 > Connection: Keep-Alive
1 > Content-Length: 331
1 > Content-Type: text/xml; charset=UTF-8
1 > Host: www.w3schools.com
1 > SOAPAction: https://www.w3schools.com/xml/CelsiusToFahrenheit
1 > User-Agent: Apache-HttpClient/4.5.12 (Java/1.8.0_251)
<soap:Envelope xmlns:soap="http://schemas.xmlsoap.org/soap/envelope/" xmlns:xsd="http://www.w3.org/2001/XMLSchema" xmlns:xsi="http://www.w3.org/2001/XMLSchema-instance">
<soap:Body>
  <CelsiusToFahrenheit xmlns="https://www.w3schools.com/xml/">
    <Celsius>37</Celsius>
  </CelsiusToFahrenheit>
</soap:Body>
</soap:Envelope>

19:11:31.633 [ForkJoinPool-1-worker-1] DEBUG org.apache.http.impl.conn.PoolingHttpClientConnectionManager - Connection request: [route: {s}->https://www.w3schools.com:443][total available: 0; route allocated: 0 of 5; total allocated: 0 of 10]
19:11:31.633 [ForkJoinPool-1-worker-1] DEBUG org.apache.http.impl.conn.PoolingHttpClientConnectionManager - Connection leased: [id: 3][route: {s}->https://www.w3schools.com:443][total available: 0; route allocated: 1 of 5; total allocated: 1 of 10]
19:11:31.633 [ForkJoinPool-1-worker-1] DEBUG org.apache.http.impl.execchain.MainClientExec - Opening connection {s}->https://www.w3schools.com:443
19:11:31.634 [ForkJoinPool-1-worker-1] DEBUG org.apache.http.impl.conn.DefaultHttpClientConnectionOperator - Connecting to www.w3schools.com/192.229.179.87:443
19:11:31.634 [ForkJoinPool-1-worker-1] DEBUG org.apache.http.conn.ssl.SSLConnectionSocketFactory - Connecting socket to www.w3schools.com/192.229.179.87:443 with timeout 30000
19:11:31.650 [ForkJoinPool-1-worker-1] DEBUG org.apache.http.conn.ssl.SSLConnectionSocketFactory - Enabled protocols: [TLSv1, TLSv1.1, TLSv1.2]
19:11:31.650 [ForkJoinPool-1-worker-1] DEBUG org.apache.http.conn.ssl.SSLConnectionSocketFactory - Enabled cipher suites:[TLS_ECDHE_ECDSA_WITH_AES_256_CBC_SHA384, TLS_ECDHE_RSA_WITH_AES_256_CBC_SHA384, TLS_RSA_WITH_AES_256_CBC_SHA256, TLS_ECDH_ECDSA_WITH_AES_256_CBC_SHA384, TLS_ECDH_RSA_WITH_AES_256_CBC_SHA384, TLS_DHE_RSA_WITH_AES_256_CBC_SHA256, TLS_DHE_DSS_WITH_AES_256_CBC_SHA256, TLS_ECDHE_ECDSA_WITH_AES_256_CBC_SHA, TLS_ECDHE_RSA_WITH_AES_256_CBC_SHA, TLS_RSA_WITH_AES_256_CBC_SHA, TLS_ECDH_ECDSA_WITH_AES_256_CBC_SHA, TLS_ECDH_RSA_WITH_AES_256_CBC_SHA, TLS_DHE_RSA_WITH_AES_256_CBC_SHA, TLS_DHE_DSS_WITH_AES_256_CBC_SHA, TLS_ECDHE_ECDSA_WITH_AES_128_CBC_SHA256, TLS_ECDHE_RSA_WITH_AES_128_CBC_SHA256, TLS_RSA_WITH_AES_128_CBC_SHA256, TLS_ECDH_ECDSA_WITH_AES_128_CBC_SHA256, TLS_ECDH_RSA_WITH_AES_128_CBC_SHA256, TLS_DHE_RSA_WITH_AES_128_CBC_SHA256, TLS_DHE_DSS_WITH_AES_128_CBC_SHA256, TLS_ECDHE_ECDSA_WITH_AES_128_CBC_SHA, TLS_ECDHE_RSA_WITH_AES_128_CBC_SHA, TLS_RSA_WITH_AES_128_CBC_SHA, TLS_ECDH_ECDSA_WITH_AES_128_CBC_SHA, TLS_ECDH_RSA_WITH_AES_128_CBC_SHA, TLS_DHE_RSA_WITH_AES_128_CBC_SHA, TLS_DHE_DSS_WITH_AES_128_CBC_SHA, TLS_ECDHE_ECDSA_WITH_AES_256_GCM_SHA384, TLS_ECDHE_ECDSA_WITH_AES_128_GCM_SHA256, TLS_ECDHE_RSA_WITH_AES_256_GCM_SHA384, TLS_RSA_WITH_AES_256_GCM_SHA384, TLS_ECDH_ECDSA_WITH_AES_256_GCM_SHA384, TLS_ECDH_RSA_WITH_AES_256_GCM_SHA384, TLS_DHE_RSA_WITH_AES_256_GCM_SHA384, TLS_DHE_DSS_WITH_AES_256_GCM_SHA384, TLS_ECDHE_RSA_WITH_AES_128_GCM_SHA256, TLS_RSA_WITH_AES_128_GCM_SHA256, TLS_ECDH_ECDSA_WITH_AES_128_GCM_SHA256, TLS_ECDH_RSA_WITH_AES_128_GCM_SHA256, TLS_DHE_RSA_WITH_AES_128_GCM_SHA256, TLS_DHE_DSS_WITH_AES_128_GCM_SHA256, TLS_EMPTY_RENEGOTIATION_INFO_SCSV]
19:11:31.650 [ForkJoinPool-1-worker-1] DEBUG org.apache.http.conn.ssl.SSLConnectionSocketFactory - Starting handshake
19:11:31.707 [ForkJoinPool-1-worker-1] DEBUG org.apache.http.conn.ssl.SSLConnectionSocketFactory - Secure session established
19:11:31.707 [ForkJoinPool-1-worker-1] DEBUG org.apache.http.conn.ssl.SSLConnectionSocketFactory -  negotiated protocol: TLSv1.2
19:11:31.707 [ForkJoinPool-1-worker-1] DEBUG org.apache.http.conn.ssl.SSLConnectionSocketFactory -  negotiated cipher suite: TLS_ECDHE_RSA_WITH_AES_128_GCM_SHA256
19:11:31.708 [ForkJoinPool-1-worker-1] DEBUG org.apache.http.conn.ssl.SSLConnectionSocketFactory -  peer principal: CN=*.w3schools.com, OU=IT, O="Verizon Digital Media Services, Inc.", L=Los Angeles, ST=California, C=US
19:11:31.708 [ForkJoinPool-1-worker-1] DEBUG org.apache.http.conn.ssl.SSLConnectionSocketFactory -  peer alternative names: [*.w3schools.com, w3schools.com]
19:11:31.708 [ForkJoinPool-1-worker-1] DEBUG org.apache.http.conn.ssl.SSLConnectionSocketFactory -  issuer principal: CN=DigiCert SHA2 Secure Server CA, O=DigiCert Inc, C=US
19:11:31.708 [ForkJoinPool-1-worker-1] DEBUG org.apache.http.impl.conn.DefaultHttpClientConnectionOperator - Connection established 192.168.1.87:53455<->192.229.179.87:443
19:11:31.708 [ForkJoinPool-1-worker-1] DEBUG org.apache.http.impl.conn.DefaultManagedHttpClientConnection - http-outgoing-3: set socket timeout to 30000
19:11:31.708 [ForkJoinPool-1-worker-1] DEBUG org.apache.http.impl.execchain.MainClientExec - Executing request POST /xml/tempconvert.asmx HTTP/1.1
19:11:31.708 [ForkJoinPool-1-worker-1] DEBUG org.apache.http.impl.execchain.MainClientExec - Target auth state: UNCHALLENGED
19:11:31.708 [ForkJoinPool-1-worker-1] DEBUG org.apache.http.impl.execchain.MainClientExec - Proxy auth state: UNCHALLENGED
19:11:31.708 [ForkJoinPool-1-worker-1] DEBUG org.apache.http.headers - http-outgoing-3 >> POST /xml/tempconvert.asmx HTTP/1.1
19:11:31.708 [ForkJoinPool-1-worker-1] DEBUG org.apache.http.headers - http-outgoing-3 >> Content-Type: text/xml; charset=UTF-8
19:11:31.708 [ForkJoinPool-1-worker-1] DEBUG org.apache.http.headers - http-outgoing-3 >> SOAPAction: https://www.w3schools.com/xml/CelsiusToFahrenheit
19:11:31.708 [ForkJoinPool-1-worker-1] DEBUG org.apache.http.headers - http-outgoing-3 >> Content-Length: 331
19:11:31.708 [ForkJoinPool-1-worker-1] DEBUG org.apache.http.headers - http-outgoing-3 >> Host: www.w3schools.com
19:11:31.708 [ForkJoinPool-1-worker-1] DEBUG org.apache.http.headers - http-outgoing-3 >> Connection: Keep-Alive
19:11:31.708 [ForkJoinPool-1-worker-1] DEBUG org.apache.http.headers - http-outgoing-3 >> User-Agent: Apache-HttpClient/4.5.12 (Java/1.8.0_251)
19:11:31.708 [ForkJoinPool-1-worker-1] DEBUG org.apache.http.headers - http-outgoing-3 >> Accept-Encoding: gzip,deflate
19:11:31.708 [ForkJoinPool-1-worker-1] DEBUG org.apache.http.wire - http-outgoing-3 >> "POST /xml/tempconvert.asmx HTTP/1.1[\r][\n]"
19:11:31.708 [ForkJoinPool-1-worker-1] DEBUG org.apache.http.wire - http-outgoing-3 >> "Content-Type: text/xml; charset=UTF-8[\r][\n]"
19:11:31.708 [ForkJoinPool-1-worker-1] DEBUG org.apache.http.wire - http-outgoing-3 >> "SOAPAction: https://www.w3schools.com/xml/CelsiusToFahrenheit[\r][\n]"
19:11:31.708 [ForkJoinPool-1-worker-1] DEBUG org.apache.http.wire - http-outgoing-3 >> "Content-Length: 331[\r][\n]"
19:11:31.708 [ForkJoinPool-1-worker-1] DEBUG org.apache.http.wire - http-outgoing-3 >> "Host: www.w3schools.com[\r][\n]"
19:11:31.708 [ForkJoinPool-1-worker-1] DEBUG org.apache.http.wire - http-outgoing-3 >> "Connection: Keep-Alive[\r][\n]"
19:11:31.708 [ForkJoinPool-1-worker-1] DEBUG org.apache.http.wire - http-outgoing-3 >> "User-Agent: Apache-HttpClient/4.5.12 (Java/1.8.0_251)[\r][\n]"
19:11:31.708 [ForkJoinPool-1-worker-1] DEBUG org.apache.http.wire - http-outgoing-3 >> "Accept-Encoding: gzip,deflate[\r][\n]"
19:11:31.708 [ForkJoinPool-1-worker-1] DEBUG org.apache.http.wire - http-outgoing-3 >> "[\r][\n]"
19:11:31.708 [ForkJoinPool-1-worker-1] DEBUG org.apache.http.wire - http-outgoing-3 >> "<soap:Envelope xmlns:soap="http://schemas.xmlsoap.org/soap/envelope/" xmlns:xsd="http://www.w3.org/2001/XMLSchema" xmlns:xsi="http://www.w3.org/2001/XMLSchema-instance">[\r][\n]"
19:11:31.708 [ForkJoinPool-1-worker-1] DEBUG org.apache.http.wire - http-outgoing-3 >> "<soap:Body>[\r][\n]"
19:11:31.708 [ForkJoinPool-1-worker-1] DEBUG org.apache.http.wire - http-outgoing-3 >> "  <CelsiusToFahrenheit xmlns="https://www.w3schools.com/xml/">[\r][\n]"
19:11:31.708 [ForkJoinPool-1-worker-1] DEBUG org.apache.http.wire - http-outgoing-3 >> "    <Celsius>37</Celsius>[\r][\n]"
19:11:31.708 [ForkJoinPool-1-worker-1] DEBUG org.apache.http.wire - http-outgoing-3 >> "  </CelsiusToFahrenheit>[\r][\n]"
19:11:31.708 [ForkJoinPool-1-worker-1] DEBUG org.apache.http.wire - http-outgoing-3 >> "</soap:Body>[\r][\n]"
19:11:31.708 [ForkJoinPool-1-worker-1] DEBUG org.apache.http.wire - http-outgoing-3 >> "</soap:Envelope>"
19:11:32.001 [ForkJoinPool-1-worker-1] DEBUG org.apache.http.wire - http-outgoing-3 << "HTTP/1.1 200 OK[\r][\n]"
19:11:32.001 [ForkJoinPool-1-worker-1] DEBUG org.apache.http.wire - http-outgoing-3 << "Content-Encoding: gzip[\r][\n]"
19:11:32.001 [ForkJoinPool-1-worker-1] DEBUG org.apache.http.wire - http-outgoing-3 << "Cache-Control: private, max-age=0,public[\r][\n]"
19:11:32.001 [ForkJoinPool-1-worker-1] DEBUG org.apache.http.wire - http-outgoing-3 << "Content-Type: text/xml; charset=utf-8[\r][\n]"
19:11:32.001 [ForkJoinPool-1-worker-1] DEBUG org.apache.http.wire - http-outgoing-3 << "Date: Thu, 03 Dec 2020 13:39:32 GMT[\r][\n]"
19:11:32.001 [ForkJoinPool-1-worker-1] DEBUG org.apache.http.wire - http-outgoing-3 << "Server: Microsoft-IIS/7.5[\r][\n]"
19:11:32.002 [ForkJoinPool-1-worker-1] DEBUG org.apache.http.wire - http-outgoing-3 << "Vary: Accept-Encoding[\r][\n]"
19:11:32.002 [ForkJoinPool-1-worker-1] DEBUG org.apache.http.wire - http-outgoing-3 << "X-AspNet-Version: 4.0.30319[\r][\n]"
19:11:32.002 [ForkJoinPool-1-worker-1] DEBUG org.apache.http.wire - http-outgoing-3 << "X-Frame-Options: SAMEORIGIN[\r][\n]"
19:11:32.002 [ForkJoinPool-1-worker-1] DEBUG org.apache.http.wire - http-outgoing-3 << "X-Powered-By: ASP.NET[\r][\n]"
19:11:32.002 [ForkJoinPool-1-worker-1] DEBUG org.apache.http.wire - http-outgoing-3 << "Content-Length: 322[\r][\n]"
19:11:32.002 [ForkJoinPool-1-worker-1] DEBUG org.apache.http.wire - http-outgoing-3 << "[\r][\n]"
19:11:32.002 [ForkJoinPool-1-worker-1] DEBUG org.apache.http.headers - http-outgoing-3 << HTTP/1.1 200 OK
19:11:32.002 [ForkJoinPool-1-worker-1] DEBUG org.apache.http.headers - http-outgoing-3 << Content-Encoding: gzip
19:11:32.002 [ForkJoinPool-1-worker-1] DEBUG org.apache.http.headers - http-outgoing-3 << Cache-Control: private, max-age=0,public
19:11:32.003 [ForkJoinPool-1-worker-1] DEBUG org.apache.http.headers - http-outgoing-3 << Content-Type: text/xml; charset=utf-8
19:11:32.003 [ForkJoinPool-1-worker-1] DEBUG org.apache.http.headers - http-outgoing-3 << Date: Thu, 03 Dec 2020 13:39:32 GMT
19:11:32.003 [ForkJoinPool-1-worker-1] DEBUG org.apache.http.headers - http-outgoing-3 << Server: Microsoft-IIS/7.5
19:11:32.003 [ForkJoinPool-1-worker-1] DEBUG org.apache.http.headers - http-outgoing-3 << Vary: Accept-Encoding
19:11:32.003 [ForkJoinPool-1-worker-1] DEBUG org.apache.http.headers - http-outgoing-3 << X-AspNet-Version: 4.0.30319
19:11:32.003 [ForkJoinPool-1-worker-1] DEBUG org.apache.http.headers - http-outgoing-3 << X-Frame-Options: SAMEORIGIN
19:11:32.003 [ForkJoinPool-1-worker-1] DEBUG org.apache.http.headers - http-outgoing-3 << X-Powered-By: ASP.NET
19:11:32.003 [ForkJoinPool-1-worker-1] DEBUG org.apache.http.headers - http-outgoing-3 << Content-Length: 322
19:11:32.004 [ForkJoinPool-1-worker-1] DEBUG org.apache.http.impl.execchain.MainClientExec - Connection can be kept alive indefinitely
19:11:32.005 [ForkJoinPool-1-worker-1] DEBUG org.apache.http.wire - http-outgoing-3 << "[0x1f][0x8b][0x8][0x0][0x0][0x0][0x0][0x0][0x4][0x0][0xed][0xbd][0x7]`[0x1c]I[0x96]%&/m[0xca]{]]>&#x7f;<![CDATA[J[0xf5]J[0xd7][0xe0]t[0xa1][0x8][0x80]`[0x13]$[0xd8][0x90]@[0x10][0xec][0xc1][0x88][0xcd][0xe6][0x92][0xec][0x1d]iG#)[0xab]*[0x81][0xca]eVe]f[0x16]@[0xcc][0xed][0x9d][0xbc][0xf7][0xde]{[0xef][0xbd][0xf7][0xde]{[0xef][0xbd][0xf7][0xba];[0x9d]N'[0xf7][0xdf][0xff]?\fd[0x1]l[0xf6][0xce]J[0xda][0xc9][0x9e]![0x80][0xaa][0xc8][0x1f]?~|[0x1f]?"[0x1e][0xff][0x1e][0xef][0x16]ez[0x99][0xd7]MQ-?[0xfb]hw[0xbc][0xf3]Q[0x9a]/[0xa7][0xd5][0xac]X^|[0xf6][0xd1][0xba]=[0xdf]>[0xf8][0xe8][0xf7]8z[0xdc]T[0xd9][0xea][0xd1][0xe9][0xf2]2/[0xab]U[0x9e][0xd2]+[0xcb][0xe6][0x11]>[0xfb][0xec][0xa3]y[0xdb][0xae][0x1e][0xdd][0xbd][0xdb]L[0xe7][0xf9]"k[0xc6][0xf4][0x15]>[0x1f]W[0xf5][0xc5]][0xfc]r7[0xd7][0x97][0xee]~[0xa4][0xaf][0xbd]k[\n]"
19:11:32.005 [ForkJoinPool-1-worker-1] DEBUG org.apache.http.wire - http-outgoing-3 << "[0xfb][0xd6][0xd5][0xd5][0xd5][0xf8][0xea][0x1e]7[0xde][0xdb][0xd9][0xd9][0xbd][0xfb]{]]>&#x7f;<![CDATA[[0xf1][0xfc]5[0x3][0xda].[0x96]M[0x9b]-[0xa7][0xb9]{kv[0xf3][[0x1f])[0xa2]O[0xaa][0xd9][0xf5][0xd1][0xe3][0x93][0xbc]l[0x8a]u[0xf3][0xa6]z[0x96][0xcd][0xeb]|9[0xcf][0x8b][0xf6]U[0xde][0xac][0xaa]e[0xa3]#[0x10][0x80][0x8d][0x85]Hc[0xa8][0xaa][0xb2][0x19]O[0xab][0xc5]]jp[0x97][0xc0][0xc5]a[0xac][0xcb][0xf6][0xe8][0xe1][0xc1][0xf8][0xd3][0xc7]w[0x87][0xbf][0x1f][0xfa][0x8e][0xfb][0xa7]o=D[0xe5]wC[0xdd][0xa3][0xff][0x7][0x14]j[0xe5][0x2][0x93][0x1][0x0][0x0]"
19:11:32.006 [ForkJoinPool-1-worker-1] DEBUG org.apache.http.impl.conn.PoolingHttpClientConnectionManager - Connection [id: 3][route: {s}->https://www.w3schools.com:443] can be kept alive indefinitely
19:11:32.006 [ForkJoinPool-1-worker-1] DEBUG org.apache.http.impl.conn.DefaultManagedHttpClientConnection - http-outgoing-3: set socket timeout to 0
19:11:32.006 [ForkJoinPool-1-worker-1] DEBUG org.apache.http.impl.conn.PoolingHttpClientConnectionManager - Connection released: [id: 3][route: {s}->https://www.w3schools.com:443][total available: 1; route allocated: 1 of 5; total allocated: 1 of 10]
19:11:32.006 [ForkJoinPool-1-worker-1] DEBUG com.intuit.karate - response time in milliseconds: 370.90
1 < 200
1 < Cache-Control: private, max-age=0,public
1 < Content-Type: text/xml; charset=utf-8
1 < Date: Thu, 03 Dec 2020 13:39:32 GMT
1 < Server: Microsoft-IIS/7.5
1 < Vary: Accept-Encoding
1 < X-AspNet-Version: 4.0.30319
1 < X-Frame-Options: SAMEORIGIN
1 < X-Powered-By: ASP.NET
<?xml version="1.0" encoding="utf-8"?><soap:Envelope xmlns:soap="http://schemas.xmlsoap.org/soap/envelope/" xmlns:xsi="http://www.w3.org/2001/XMLSchema-instance" xmlns:xsd="http://www.w3.org/2001/XMLSchema"><soap:Body><CelsiusToFahrenheitResponse xmlns="https://www.w3schools.com/xml/"><CelsiusToFahrenheitResult>98.6</CelsiusToFahrenheitResult></CelsiusToFahrenheitResponse></soap:Body></soap:Envelope>

19:11:32.011 [ForkJoinPool-1-worker-1] DEBUG com.jayway.jsonpath.internal.path.CompiledPath - Evaluating path: $
19:11:32.012 [ForkJoinPool-1-worker-1] DEBUG com.jayway.jsonpath.internal.path.CompiledPath - Evaluating path: $['Server']
19:11:32.012 [ForkJoinPool-1-worker-1] DEBUG com.jayway.jsonpath.internal.path.CompiledPath - Evaluating path: $
19:11:32.013 [ForkJoinPool-1-worker-1] DEBUG com.jayway.jsonpath.internal.path.CompiledPath - Evaluating path: $['Server'][0]
19:11:32.022 [pool-1-thread-1] INFO com.intuit.karate.Runner - <<pass>> feature 7 of 22: classpath:featurefiles/karate04.feature
---------------------------------------------------------
feature: classpath:featurefiles/karate04.feature
report: build\surefire-reports\featurefiles.karate04.json
scenarios:  1 | passed:  1 | failed:  0 | time: 0.3957
[...]
19:11:38.456 [Test worker] DEBUG org.apache.velocity - Left side ($active_tab) of '==' operation has null value. If it is a reference, it may not be in the context or its toString() returned null. /templates/macros/page/navigation.vm[line 15, column 51]
19:11:38.456 [Test worker] DEBUG org.apache.velocity - Left side ($active_tab) of '==' operation has null value. If it is a reference, it may not be in the context or its toString() returned null. /templates/macros/page/navigation.vm[line 16, column 51]
19:11:38.456 [Test worker] DEBUG org.apache.velocity - Left side ($active_tab) of '==' operation has null value. If it is a reference, it may not be in the context or its toString() returned null. /templates/macros/page/navigation.vm[line 20, column 51]
19:11:38.456 [Test worker] DEBUG org.apache.velocity - VM #includeLead: too few arguments to macro. Wanted 2 got 1
19:11:38.456 [Test worker] DEBUG org.apache.velocity - VM #includeBrief: too few arguments to macro. Wanted 5 got 4
19:11:38.456 [Test worker] DEBUG org.apache.velocity - VM #includeBrief: too few arguments to macro. Wanted 5 got 4
19:11:38.456 [Test worker] DEBUG org.apache.velocity - VM #includeBrief: too few arguments to macro. Wanted 5 got 4
19:11:38.456 [Test worker] DEBUG org.apache.velocity - VM #includeBrief: too few arguments to macro. Wanted 5 got 4
19:11:38.456 [Test worker] DEBUG org.apache.velocity - ResourceManager : found /templates/footer.vm with loader org.apache.velocity.runtime.resource.loader.ClasspathResourceLoader
19:11:38.456 [Test worker] DEBUG org.apache.velocity - ResourceManager : found templates/generators/overviewSteps.vm with loader org.apache.velocity.runtime.resource.loader.ClasspathResourceLoader
19:11:38.456 [Test worker] DEBUG org.apache.velocity - ResourceManager : found /templates/headers.vm with loader org.apache.velocity.runtime.resource.loader.ClasspathResourceLoader
19:11:38.456 [Test worker] DEBUG org.apache.velocity - ResourceManager : found /templates/head.vm with loader org.apache.velocity.runtime.resource.loader.ClasspathResourceLoader
19:11:38.456 [Test worker] DEBUG org.apache.velocity - Velocimacro : added VM stringArray: source=/templates/macros/array.js.vm
19:11:38.456 [Test worker] DEBUG org.apache.velocity - Velocimacro : added VM numberArray: source=/templates/macros/array.js.vm
19:11:38.456 [Test worker] DEBUG org.apache.velocity - ResourceManager : found /templates/macros/array.js.vm with loader org.apache.velocity.runtime.resource.loader.ClasspathResourceLoader
19:11:38.456 [Test worker] DEBUG org.apache.velocity - Velocimacro : added VM includeBuildInfo: source=/templates/macros/page/buildinfo.vm
19:11:38.456 [Test worker] DEBUG org.apache.velocity - ResourceManager : found /templates/macros/page/buildinfo.vm with loader org.apache.velocity.runtime.resource.loader.ClasspathResourceLoader
19:11:38.456 [Test worker] DEBUG org.apache.velocity - Velocimacro : added VM includeClassifications: source=/templates/macros/page/classifications.vm
19:11:38.456 [Test worker] DEBUG org.apache.velocity - ResourceManager : found /templates/macros/page/classifications.vm with loader org.apache.velocity.runtime.resource.loader.ClasspathResourceLoader
19:11:38.456 [Test worker] DEBUG org.apache.velocity - Velocimacro : added VM includeLead: source=/templates/macros/page/lead.vm
19:11:38.456 [Test worker] DEBUG org.apache.velocity - ResourceManager : found /templates/macros/page/lead.vm with loader org.apache.velocity.runtime.resource.loader.ClasspathResourceLoader
19:11:38.456 [Test worker] DEBUG org.apache.velocity - Velocimacro : added VM includeNavigation: source=/templates/macros/page/navigation.vm
19:11:38.456 [Test worker] DEBUG org.apache.velocity - ResourceManager : found /templates/macros/page/navigation.vm with loader org.apache.velocity.runtime.resource.loader.ClasspathResourceLoader
19:11:38.472 [Test worker] DEBUG org.apache.velocity - Velocimacro : added VM includeReportInfo: source=/templates/macros/page/reportInfo.vm
19:11:38.472 [Test worker] DEBUG org.apache.velocity - ResourceManager : found /templates/macros/page/reportInfo.vm with loader org.apache.velocity.runtime.resource.loader.ClasspathResourceLoader
19:11:38.472 [Test worker] DEBUG org.apache.velocity - Velocimacro : added VM includeTitle: source=/templates/macros/page/title.vm
19:11:38.472 [Test worker] DEBUG org.apache.velocity - ResourceManager : found /templates/macros/page/title.vm with loader org.apache.velocity.runtime.resource.loader.ClasspathResourceLoader
19:11:38.472 [Test worker] DEBUG org.apache.velocity - Velocimacro : added VM includeExpandingButtons: source=/templates/macros/report/expandAllButtons.vm
19:11:38.472 [Test worker] DEBUG org.apache.velocity - ResourceManager : found /templates/macros/report/expandAllButtons.vm with loader org.apache.velocity.runtime.resource.loader.ClasspathResourceLoader
19:11:38.472 [Test worker] DEBUG org.apache.velocity - Velocimacro : added VM includeReportTable: source=/templates/macros/report/reportTable.vm
19:11:38.472 [Test worker] DEBUG org.apache.velocity - ResourceManager : found /templates/macros/report/reportTable.vm with loader org.apache.velocity.runtime.resource.loader.ClasspathResourceLoader
19:11:38.472 [Test worker] DEBUG org.apache.velocity - Velocimacro : added VM includeReportHeader: source=/templates/macros/report/reportHeader.vm
19:11:38.472 [Test worker] DEBUG org.apache.velocity - ResourceManager : found /templates/macros/report/reportHeader.vm with loader org.apache.velocity.runtime.resource.loader.ClasspathResourceLoader
19:11:38.472 [Test worker] DEBUG org.apache.velocity - Velocimacro : added VM includeStatsTable: source=/templates/macros/report/statsTable.vm
19:11:38.472 [Test worker] DEBUG org.apache.velocity - ResourceManager : found /templates/macros/report/statsTable.vm with loader org.apache.velocity.runtime.resource.loader.ClasspathResourceLoader
19:11:38.472 [Test worker] DEBUG org.apache.velocity - Velocimacro : added VM includeBrief: source=/templates/macros/json/brief.vm
19:11:38.472 [Test worker] DEBUG org.apache.velocity - ResourceManager : found /templates/macros/json/brief.vm with loader org.apache.velocity.runtime.resource.loader.ClasspathResourceLoader
19:11:38.472 [Test worker] DEBUG org.apache.velocity - Velocimacro : added VM includeDocString: source=/templates/macros/json/docstring.vm
19:11:38.472 [Test worker] DEBUG org.apache.velocity - ResourceManager : found /templates/macros/json/docstring.vm with loader org.apache.velocity.runtime.resource.loader.ClasspathResourceLoader
19:11:38.472 [Test worker] DEBUG org.apache.velocity - Velocimacro : added VM includeDuration: source=/templates/macros/json/duration.vm
19:11:38.472 [Test worker] DEBUG org.apache.velocity - ResourceManager : found /templates/macros/json/duration.vm with loader org.apache.velocity.runtime.resource.loader.ClasspathResourceLoader
19:11:38.472 [Test worker] DEBUG org.apache.velocity - Velocimacro : added VM includeElement: source=/templates/macros/json/element.vm
19:11:38.472 [Test worker] DEBUG org.apache.velocity - ResourceManager : found /templates/macros/json/element.vm with loader org.apache.velocity.runtime.resource.loader.ClasspathResourceLoader
19:11:38.472 [Test worker] DEBUG org.apache.velocity - Velocimacro : added VM includeEmbeddings: source=/templates/macros/json/embeddings.vm
19:11:38.472 [Test worker] DEBUG org.apache.velocity - Velocimacro : added VM includeHtmlEmbedding: source=/templates/macros/json/embeddings.vm
19:11:38.472 [Test worker] DEBUG org.apache.velocity - Velocimacro : added VM includeImageEmbedding: source=/templates/macros/json/embeddings.vm
19:11:38.472 [Test worker] DEBUG org.apache.velocity - Velocimacro : added VM includeImageReferenceEmbedding: source=/templates/macros/json/embeddings.vm
19:11:38.472 [Test worker] DEBUG org.apache.velocity - Velocimacro : added VM includeTextEmbedding: source=/templates/macros/json/embeddings.vm
19:11:38.472 [Test worker] DEBUG org.apache.velocity - Velocimacro : added VM includeUnknownEmbedding: source=/templates/macros/json/embeddings.vm
19:11:38.472 [Test worker] DEBUG org.apache.velocity - ResourceManager : found /templates/macros/json/embeddings.vm with loader org.apache.velocity.runtime.resource.loader.ClasspathResourceLoader
19:11:38.472 [Test worker] DEBUG org.apache.velocity - Velocimacro : added VM includeHooks: source=/templates/macros/json/hooks.vm
19:11:38.472 [Test worker] DEBUG org.apache.velocity - ResourceManager : found /templates/macros/json/hooks.vm with loader org.apache.velocity.runtime.resource.loader.ClasspathResourceLoader
19:11:38.472 [Test worker] DEBUG org.apache.velocity - Velocimacro : added VM includeOutput: source=/templates/macros/json/output.vm
19:11:38.472 [Test worker] DEBUG org.apache.velocity - ResourceManager : found /templates/macros/json/output.vm with loader org.apache.velocity.runtime.resource.loader.ClasspathResourceLoader
19:11:38.472 [Test worker] DEBUG org.apache.velocity - Velocimacro : added VM includeMessage: source=/templates/macros/json/message.vm
19:11:38.472 [Test worker] DEBUG org.apache.velocity - ResourceManager : found /templates/macros/json/message.vm with loader org.apache.velocity.runtime.resource.loader.ClasspathResourceLoader
19:11:38.472 [Test worker] DEBUG org.apache.velocity - Velocimacro : added VM includeSteps: source=/templates/macros/json/steps.vm
19:11:38.472 [Test worker] DEBUG org.apache.velocity - ResourceManager : found /templates/macros/json/steps.vm with loader org.apache.velocity.runtime.resource.loader.ClasspathResourceLoader
19:11:38.472 [Test worker] DEBUG org.apache.velocity - Velocimacro : added VM includeTags: source=/templates/macros/json/tags.vm
19:11:38.472 [Test worker] DEBUG org.apache.velocity - ResourceManager : found /templates/macros/json/tags.vm with loader org.apache.velocity.runtime.resource.loader.ClasspathResourceLoader
19:11:38.472 [Test worker] DEBUG org.apache.velocity - ResourceManager : found /templates/footer.vm with loader org.apache.velocity.runtime.resource.loader.ClasspathResourceLoader
19:11:38.472 [Test worker] DEBUG org.apache.velocity - ResourceManager : found templates/generators/overviewFailures.vm with loader org.apache.velocity.runtime.resource.loader.ClasspathResourceLoader
19:11:38.472 [Test worker] DEBUG org.apache.velocity - ResourceManager : found /templates/headers.vm with loader org.apache.velocity.runtime.resource.loader.ClasspathResourceLoader
19:11:38.472 [Test worker] DEBUG org.apache.velocity - ResourceManager : found /templates/head.vm with loader org.apache.velocity.runtime.resource.loader.ClasspathResourceLoader
19:11:38.472 [Test worker] DEBUG org.apache.velocity - Velocimacro : added VM stringArray: source=/templates/macros/array.js.vm
19:11:38.472 [Test worker] DEBUG org.apache.velocity - Velocimacro : added VM numberArray: source=/templates/macros/array.js.vm
19:11:38.472 [Test worker] DEBUG org.apache.velocity - ResourceManager : found /templates/macros/array.js.vm with loader org.apache.velocity.runtime.resource.loader.ClasspathResourceLoader
19:11:38.472 [Test worker] DEBUG org.apache.velocity - Velocimacro : added VM includeBuildInfo: source=/templates/macros/page/buildinfo.vm
19:11:38.472 [Test worker] DEBUG org.apache.velocity - ResourceManager : found /templates/macros/page/buildinfo.vm with loader org.apache.velocity.runtime.resource.loader.ClasspathResourceLoader
19:11:38.472 [Test worker] DEBUG org.apache.velocity - Velocimacro : added VM includeClassifications: source=/templates/macros/page/classifications.vm
19:11:38.472 [Test worker] DEBUG org.apache.velocity - ResourceManager : found /templates/macros/page/classifications.vm with loader org.apache.velocity.runtime.resource.loader.ClasspathResourceLoader
19:11:38.472 [Test worker] DEBUG org.apache.velocity - Velocimacro : added VM includeLead: source=/templates/macros/page/lead.vm
19:11:38.472 [Test worker] DEBUG org.apache.velocity - ResourceManager : found /templates/macros/page/lead.vm with loader org.apache.velocity.runtime.resource.loader.ClasspathResourceLoader
19:11:38.472 [Test worker] DEBUG org.apache.velocity - Velocimacro : added VM includeNavigation: source=/templates/macros/page/navigation.vm
19:11:38.472 [Test worker] DEBUG org.apache.velocity - ResourceManager : found /templates/macros/page/navigation.vm with loader org.apache.velocity.runtime.resource.loader.ClasspathResourceLoader
19:11:38.472 [Test worker] DEBUG org.apache.velocity - Velocimacro : added VM includeReportInfo: source=/templates/macros/page/reportInfo.vm
19:11:38.472 [Test worker] DEBUG org.apache.velocity - ResourceManager : found /templates/macros/page/reportInfo.vm with loader org.apache.velocity.runtime.resource.loader.ClasspathResourceLoader
19:11:38.472 [Test worker] DEBUG org.apache.velocity - Velocimacro : added VM includeTitle: source=/templates/macros/page/title.vm
19:11:38.472 [Test worker] DEBUG org.apache.velocity - ResourceManager : found /templates/macros/page/title.vm with loader org.apache.velocity.runtime.resource.loader.ClasspathResourceLoader
19:11:38.472 [Test worker] DEBUG org.apache.velocity - Velocimacro : added VM includeExpandingButtons: source=/templates/macros/report/expandAllButtons.vm
19:11:38.472 [Test worker] DEBUG org.apache.velocity - ResourceManager : found /templates/macros/report/expandAllButtons.vm with loader org.apache.velocity.runtime.resource.loader.ClasspathResourceLoader
19:11:38.472 [Test worker] DEBUG org.apache.velocity - Velocimacro : added VM includeReportTable: source=/templates/macros/report/reportTable.vm
19:11:38.472 [Test worker] DEBUG org.apache.velocity - ResourceManager : found /templates/macros/report/reportTable.vm with loader org.apache.velocity.runtime.resource.loader.ClasspathResourceLoader
19:11:38.488 [Test worker] DEBUG org.apache.velocity - Velocimacro : added VM includeReportHeader: source=/templates/macros/report/reportHeader.vm
19:11:38.488 [Test worker] DEBUG org.apache.velocity - ResourceManager : found /templates/macros/report/reportHeader.vm with loader org.apache.velocity.runtime.resource.loader.ClasspathResourceLoader
19:11:38.488 [Test worker] DEBUG org.apache.velocity - Velocimacro : added VM includeStatsTable: source=/templates/macros/report/statsTable.vm
19:11:38.488 [Test worker] DEBUG org.apache.velocity - ResourceManager : found /templates/macros/report/statsTable.vm with loader org.apache.velocity.runtime.resource.loader.ClasspathResourceLoader
19:11:38.488 [Test worker] DEBUG org.apache.velocity - Velocimacro : added VM includeBrief: source=/templates/macros/json/brief.vm
19:11:38.488 [Test worker] DEBUG org.apache.velocity - ResourceManager : found /templates/macros/json/brief.vm with loader org.apache.velocity.runtime.resource.loader.ClasspathResourceLoader
19:11:38.488 [Test worker] DEBUG org.apache.velocity - Velocimacro : added VM includeDocString: source=/templates/macros/json/docstring.vm
19:11:38.488 [Test worker] DEBUG org.apache.velocity - ResourceManager : found /templates/macros/json/docstring.vm with loader org.apache.velocity.runtime.resource.loader.ClasspathResourceLoader
19:11:38.488 [Test worker] DEBUG org.apache.velocity - Velocimacro : added VM includeDuration: source=/templates/macros/json/duration.vm
19:11:38.488 [Test worker] DEBUG org.apache.velocity - ResourceManager : found /templates/macros/json/duration.vm with loader org.apache.velocity.runtime.resource.loader.ClasspathResourceLoader
19:11:38.488 [Test worker] DEBUG org.apache.velocity - Velocimacro : added VM includeElement: source=/templates/macros/json/element.vm
19:11:38.488 [Test worker] DEBUG org.apache.velocity - ResourceManager : found /templates/macros/json/element.vm with loader org.apache.velocity.runtime.resource.loader.ClasspathResourceLoader
19:11:38.488 [Test worker] DEBUG org.apache.velocity - Velocimacro : added VM includeEmbeddings: source=/templates/macros/json/embeddings.vm
19:11:38.488 [Test worker] DEBUG org.apache.velocity - Velocimacro : added VM includeHtmlEmbedding: source=/templates/macros/json/embeddings.vm
19:11:38.488 [Test worker] DEBUG org.apache.velocity - Velocimacro : added VM includeImageEmbedding: source=/templates/macros/json/embeddings.vm
19:11:38.488 [Test worker] DEBUG org.apache.velocity - Velocimacro : added VM includeImageReferenceEmbedding: source=/templates/macros/json/embeddings.vm
19:11:38.488 [Test worker] DEBUG org.apache.velocity - Velocimacro : added VM includeTextEmbedding: source=/templates/macros/json/embeddings.vm
19:11:38.488 [Test worker] DEBUG org.apache.velocity - Velocimacro : added VM includeUnknownEmbedding: source=/templates/macros/json/embeddings.vm
19:11:38.488 [Test worker] DEBUG org.apache.velocity - ResourceManager : found /templates/macros/json/embeddings.vm with loader org.apache.velocity.runtime.resource.loader.ClasspathResourceLoader
19:11:38.488 [Test worker] DEBUG org.apache.velocity - Velocimacro : added VM includeHooks: source=/templates/macros/json/hooks.vm
19:11:38.488 [Test worker] DEBUG org.apache.velocity - ResourceManager : found /templates/macros/json/hooks.vm with loader org.apache.velocity.runtime.resource.loader.ClasspathResourceLoader
19:11:38.488 [Test worker] DEBUG org.apache.velocity - Velocimacro : added VM includeOutput: source=/templates/macros/json/output.vm
19:11:38.488 [Test worker] DEBUG org.apache.velocity - ResourceManager : found /templates/macros/json/output.vm with loader org.apache.velocity.runtime.resource.loader.ClasspathResourceLoader
19:11:38.488 [Test worker] DEBUG org.apache.velocity - Velocimacro : added VM includeMessage: source=/templates/macros/json/message.vm
19:11:38.488 [Test worker] DEBUG org.apache.velocity - ResourceManager : found /templates/macros/json/message.vm with loader org.apache.velocity.runtime.resource.loader.ClasspathResourceLoader
19:11:38.488 [Test worker] DEBUG org.apache.velocity - Velocimacro : added VM includeSteps: source=/templates/macros/json/steps.vm
19:11:38.488 [Test worker] DEBUG org.apache.velocity - ResourceManager : found /templates/macros/json/steps.vm with loader org.apache.velocity.runtime.resource.loader.ClasspathResourceLoader
19:11:38.488 [Test worker] DEBUG org.apache.velocity - Velocimacro : added VM includeTags: source=/templates/macros/json/tags.vm
19:11:38.488 [Test worker] DEBUG org.apache.velocity - ResourceManager : found /templates/macros/json/tags.vm with loader org.apache.velocity.runtime.resource.loader.ClasspathResourceLoader
19:11:38.488 [Test worker] DEBUG org.apache.velocity - VM #includeBrief: too few arguments to macro. Wanted 5 got 4
19:11:38.488 [Test worker] DEBUG org.apache.velocity - VM #includeBrief: too few arguments to macro. Wanted 5 got 4
19:11:38.488 [Test worker] DEBUG org.apache.velocity - VM #includeBrief: too few arguments to macro. Wanted 5 got 4
19:11:38.488 [Test worker] DEBUG org.apache.velocity - VM #includeBrief: too few arguments to macro. Wanted 5 got 4
19:11:38.488 [Test worker] DEBUG org.apache.velocity - VM #includeBrief: too few arguments to macro. Wanted 5 got 4
19:11:38.488 [Test worker] DEBUG org.apache.velocity - VM #includeBrief: too few arguments to macro. Wanted 5 got 4
19:11:38.488 [Test worker] DEBUG org.apache.velocity - VM #includeBrief: too few arguments to macro. Wanted 5 got 4
19:11:38.488 [Test worker] DEBUG org.apache.velocity - VM #includeBrief: too few arguments to macro. Wanted 5 got 4
19:11:38.488 [Test worker] DEBUG org.apache.velocity - ResourceManager : found /templates/footer.vm with loader org.apache.velocity.runtime.resource.loader.ClasspathResourceLoader
]]></system-out>
  <system-err><![CDATA[[Fatal Error] :4:74: Attribute name "data-pagespeed-no-defer" associated with an element type "script" must be followed by the ' = ' character.
ERROR StatusLogger No log4j2 configuration file found. Using default configuration: logging only errors to the console.
]]></system-err>
</testsuite>
