<testsuite failures="0" name="src/test/java/featurefiles/karate10.feature" skipped="0" tests="5" time="3.475778">
  <testcase classname="src.test.java.featurefiles.karate10" name="DDT testcase" time="1.226607">
    <system-out>Given url "https://reqres.in" ............................................. passed
And path "/api/users?page=1&gt;" ............................................. passed
When method GET ........................................................... passed
Then status 200 ........................................................... passed
* match response.page == 1 ................................................ passed</system-out>
  </testcase>
  <testcase classname="src.test.java.featurefiles.karate10" name="DDT testcase" time="0.567401">
    <system-out>Given url "https://reqres.in" ............................................. passed
And path "/api/users?page=1&gt;" ............................................. passed
When method GET ........................................................... passed
Then status 200 ........................................................... passed
* match response.page == 1 ................................................ passed
Given url "https://reqres.in" ............................................. passed
And path "/api/users?page=2&gt;" ............................................. passed
When method GET ........................................................... passed
Then status 200 ........................................................... passed
* match response.page == 1 ................................................ passed</system-out>
  </testcase>
  <testcase classname="src.test.java.featurefiles.karate10" name="DDT testcase" time="0.563637">
    <system-out>Given url "https://reqres.in" ............................................. passed
And path "/api/users?page=1&gt;" ............................................. passed
When method GET ........................................................... passed
Then status 200 ........................................................... passed
* match response.page == 1 ................................................ passed
Given url "https://reqres.in" ............................................. passed
And path "/api/users?page=2&gt;" ............................................. passed
When method GET ........................................................... passed
Then status 200 ........................................................... passed
* match response.page == 1 ................................................ passed
Given url "https://reqres.in" ............................................. passed
And path "/api/users?page=3&gt;" ............................................. passed
When method GET ........................................................... passed
Then status 200 ........................................................... passed
* match response.page == 1 ................................................ passed</system-out>
  </testcase>
  <testcase classname="src.test.java.featurefiles.karate10" name="DDT testcase" time="0.546335">
    <system-out>Given url "https://reqres.in" ............................................. passed
And path "/api/users?page=1&gt;" ............................................. passed
When method GET ........................................................... passed
Then status 200 ........................................................... passed
* match response.page == 1 ................................................ passed
Given url "https://reqres.in" ............................................. passed
And path "/api/users?page=2&gt;" ............................................. passed
When method GET ........................................................... passed
Then status 200 ........................................................... passed
* match response.page == 1 ................................................ passed
Given url "https://reqres.in" ............................................. passed
And path "/api/users?page=3&gt;" ............................................. passed
When method GET ........................................................... passed
Then status 200 ........................................................... passed
* match response.page == 1 ................................................ passed
Given url "https://reqres.in" ............................................. passed
And path "/api/users?page=4&gt;" ............................................. passed
When method GET ........................................................... passed
Then status 200 ........................................................... passed
* match response.page == 1 ................................................ passed</system-out>
  </testcase>
  <testcase classname="src.test.java.featurefiles.karate10" name="DDT testcase" time="0.571798">
    <system-out>Given url "https://reqres.in" ............................................. passed
And path "/api/users?page=1&gt;" ............................................. passed
When method GET ........................................................... passed
Then status 200 ........................................................... passed
* match response.page == 1 ................................................ passed
Given url "https://reqres.in" ............................................. passed
And path "/api/users?page=2&gt;" ............................................. passed
When method GET ........................................................... passed
Then status 200 ........................................................... passed
* match response.page == 1 ................................................ passed
Given url "https://reqres.in" ............................................. passed
And path "/api/users?page=3&gt;" ............................................. passed
When method GET ........................................................... passed
Then status 200 ........................................................... passed
* match response.page == 1 ................................................ passed
Given url "https://reqres.in" ............................................. passed
And path "/api/users?page=4&gt;" ............................................. passed
When method GET ........................................................... passed
Then status 200 ........................................................... passed
* match response.page == 1 ................................................ passed
Given url "https://reqres.in" ............................................. passed
And path "/api/users?page=5&gt;" ............................................. passed
When method GET ........................................................... passed
Then status 200 ........................................................... passed
* match response.page == 1 ................................................ passed</system-out>
  </testcase>
</testsuite>
