<testsuite failures="0" name="src/test/java/featurefiles/readingcsvdataddt02.feature" skipped="0" tests="5" time="0.035636">
  <testcase classname="src.test.java.featurefiles.readingcsvdataddt02" name="reading csv ddt test case" time="0.013763">
    <system-out>* def data = read('classpath:data.csv') ................................... passed
* print "1, cust1, 23" .................................................... passed
* def json1 = {"last_name" : cust1} ....................................... passed
* print json1 ............................................................. passed</system-out>
  </testcase>
  <testcase classname="src.test.java.featurefiles.readingcsvdataddt02" name="reading csv ddt test case" time="0.0062">
    <system-out>* def data = read('classpath:data.csv') ................................... passed
* print "1, cust1, 23" .................................................... passed
* def json1 = {"last_name" : cust1} ....................................... passed
* print json1 ............................................................. passed
* def data = read('classpath:data.csv') ................................... passed
* print "2, cust2, 24" .................................................... passed
* def json1 = {"last_name" : cust2} ....................................... passed
* print json1 ............................................................. passed</system-out>
  </testcase>
  <testcase classname="src.test.java.featurefiles.readingcsvdataddt02" name="reading csv ddt test case" time="0.005376">
    <system-out>* def data = read('classpath:data.csv') ................................... passed
* print "1, cust1, 23" .................................................... passed
* def json1 = {"last_name" : cust1} ....................................... passed
* print json1 ............................................................. passed
* def data = read('classpath:data.csv') ................................... passed
* print "2, cust2, 24" .................................................... passed
* def json1 = {"last_name" : cust2} ....................................... passed
* print json1 ............................................................. passed
* def data = read('classpath:data.csv') ................................... passed
* print "3, cust3, 25" .................................................... passed
* def json1 = {"last_name" : cust3} ....................................... passed
* print json1 ............................................................. passed</system-out>
  </testcase>
  <testcase classname="src.test.java.featurefiles.readingcsvdataddt02" name="reading csv ddt test case" time="0.005128">
    <system-out>* def data = read('classpath:data.csv') ................................... passed
* print "1, cust1, 23" .................................................... passed
* def json1 = {"last_name" : cust1} ....................................... passed
* print json1 ............................................................. passed
* def data = read('classpath:data.csv') ................................... passed
* print "2, cust2, 24" .................................................... passed
* def json1 = {"last_name" : cust2} ....................................... passed
* print json1 ............................................................. passed
* def data = read('classpath:data.csv') ................................... passed
* print "3, cust3, 25" .................................................... passed
* def json1 = {"last_name" : cust3} ....................................... passed
* print json1 ............................................................. passed
* def data = read('classpath:data.csv') ................................... passed
* print "4, cust4, 26" .................................................... passed
* def json1 = {"last_name" : cust4} ....................................... passed
* print json1 ............................................................. passed</system-out>
  </testcase>
  <testcase classname="src.test.java.featurefiles.readingcsvdataddt02" name="reading csv ddt test case" time="0.00517">
    <system-out>* def data = read('classpath:data.csv') ................................... passed
* print "1, cust1, 23" .................................................... passed
* def json1 = {"last_name" : cust1} ....................................... passed
* print json1 ............................................................. passed
* def data = read('classpath:data.csv') ................................... passed
* print "2, cust2, 24" .................................................... passed
* def json1 = {"last_name" : cust2} ....................................... passed
* print json1 ............................................................. passed
* def data = read('classpath:data.csv') ................................... passed
* print "3, cust3, 25" .................................................... passed
* def json1 = {"last_name" : cust3} ....................................... passed
* print json1 ............................................................. passed
* def data = read('classpath:data.csv') ................................... passed
* print "4, cust4, 26" .................................................... passed
* def json1 = {"last_name" : cust4} ....................................... passed
* print json1 ............................................................. passed
* def data = read('classpath:data.csv') ................................... passed
* print "5, cust5, 27" .................................................... passed
* def json1 = {"last_name" : cust5} ....................................... passed
* print json1 ............................................................. passed</system-out>
  </testcase>
</testsuite>
