<testsuite failures="0" name="src/test/java/featurefiles/readingcsvdataddt.feature" skipped="0" tests="5" time="0.034623">
  <testcase classname="src.test.java.featurefiles.readingcsvdataddt" name="reading csv ddt test case" time="0.013155">
    <system-out>* print "1, cust1, 23" .................................................... passed
* def json1 = {"last_name" : cust1} ....................................... passed
* print json1 ............................................................. passed</system-out>
  </testcase>
  <testcase classname="src.test.java.featurefiles.readingcsvdataddt" name="reading csv ddt test case" time="0.005072">
    <system-out>* print "1, cust1, 23" .................................................... passed
* def json1 = {"last_name" : cust1} ....................................... passed
* print json1 ............................................................. passed
* print "2, cust2, 24" .................................................... passed
* def json1 = {"last_name" : cust2} ....................................... passed
* print json1 ............................................................. passed</system-out>
  </testcase>
  <testcase classname="src.test.java.featurefiles.readingcsvdataddt" name="reading csv ddt test case" time="0.004842">
    <system-out>* print "1, cust1, 23" .................................................... passed
* def json1 = {"last_name" : cust1} ....................................... passed
* print json1 ............................................................. passed
* print "2, cust2, 24" .................................................... passed
* def json1 = {"last_name" : cust2} ....................................... passed
* print json1 ............................................................. passed
* print "3, cust3, 25" .................................................... passed
* def json1 = {"last_name" : cust3} ....................................... passed
* print json1 ............................................................. passed</system-out>
  </testcase>
  <testcase classname="src.test.java.featurefiles.readingcsvdataddt" name="reading csv ddt test case" time="0.007065">
    <system-out>* print "1, cust1, 23" .................................................... passed
* def json1 = {"last_name" : cust1} ....................................... passed
* print json1 ............................................................. passed
* print "2, cust2, 24" .................................................... passed
* def json1 = {"last_name" : cust2} ....................................... passed
* print json1 ............................................................. passed
* print "3, cust3, 25" .................................................... passed
* def json1 = {"last_name" : cust3} ....................................... passed
* print json1 ............................................................. passed
* print "4, cust4, 26" .................................................... passed
* def json1 = {"last_name" : cust4} ....................................... passed
* print json1 ............................................................. passed</system-out>
  </testcase>
  <testcase classname="src.test.java.featurefiles.readingcsvdataddt" name="reading csv ddt test case" time="0.004489">
    <system-out>* print "1, cust1, 23" .................................................... passed
* def json1 = {"last_name" : cust1} ....................................... passed
* print json1 ............................................................. passed
* print "2, cust2, 24" .................................................... passed
* def json1 = {"last_name" : cust2} ....................................... passed
* print json1 ............................................................. passed
* print "3, cust3, 25" .................................................... passed
* def json1 = {"last_name" : cust3} ....................................... passed
* print json1 ............................................................. passed
* print "4, cust4, 26" .................................................... passed
* def json1 = {"last_name" : cust4} ....................................... passed
* print json1 ............................................................. passed
* print "5, cust5, 27" .................................................... passed
* def json1 = {"last_name" : cust5} ....................................... passed
* print json1 ............................................................. passed</system-out>
  </testcase>
</testsuite>
