<testsuite failures="0" name="src/test/java/featurefiles/testfixture.feature" skipped="0" tests="2" time="0.010279">
  <testcase classname="src.test.java.featurefiles.testfixture" name="Test case 1" time="0.008026">
    <system-out>* print "before scenario" ................................................. passed
* configure afterScenario = ............................................... passed
* configure afterFeature = ................................................ passed
* print "from test case 1" ................................................ passed</system-out>
  </testcase>
  <testcase classname="src.test.java.featurefiles.testfixture" name="Test case 2" time="0.002253">
    <system-out>* print "before scenario" ................................................. passed
* configure afterScenario = ............................................... passed
* configure afterFeature = ................................................ passed
* print "from test case 1" ................................................ passed
* print "before scenario" ................................................. passed
* configure afterScenario = ............................................... passed
* configure afterFeature = ................................................ passed
* print "from test case 2" ................................................ passed</system-out>
  </testcase>
</testsuite>
