<testsuite failures="0" name="featurefiles/karate01.feature" skipped="0" tests="3" time="0.023332">
  <testcase classname="featurefiles.karate01" name="Karate Testcase1" time="0.013558">
    <system-out>Given def a = 10 .......................................................... passed
And def d = 20 ............................................................ passed
When def c = a + d ........................................................ passed
Then assert c == 30 ....................................................... passed
And print "c = ", c ....................................................... passed
And karate.log("test ended") .............................................. passed</system-out>
  </testcase>
  <testcase classname="featurefiles.karate01" name="Karate Testcase2" time="0.004715">
    <system-out>Given def a = 10 .......................................................... passed
And def d = 20 ............................................................ passed
When def c = a + d ........................................................ passed
Then assert c == 30 ....................................................... passed
And print "c = ", c ....................................................... passed
And karate.log("test ended") .............................................. passed
Given def a = 10 .......................................................... passed
* def d = 50 .............................................................. passed
When def c = a + d ........................................................ passed
Then assert c == 60 ....................................................... passed
* print "c = ", c ......................................................... passed
* karate.log("test ended") ................................................ passed</system-out>
  </testcase>
  <testcase classname="featurefiles.karate01" name="Karate Testcase3" time="0.00506">
    <system-out>Given def a = 10 .......................................................... passed
And def d = 20 ............................................................ passed
When def c = a + d ........................................................ passed
Then assert c == 30 ....................................................... passed
And print "c = ", c ....................................................... passed
And karate.log("test ended") .............................................. passed
Given def a = 10 .......................................................... passed
* def d = 50 .............................................................. passed
When def c = a + d ........................................................ passed
Then assert c == 60 ....................................................... passed
* print "c = ", c ......................................................... passed
* karate.log("test ended") ................................................ passed
* def a = 40 .............................................................. passed
* def d = 50 .............................................................. passed
* def c = a + d ........................................................... passed
* assert c == 90 .......................................................... passed
* print "c = ", c ......................................................... passed
* karate.log("test ended") ................................................ passed</system-out>
  </testcase>
</testsuite>
