<testsuite failures="0" name="featurefiles/karate12.feature" skipped="0" tests="3" time="0.019871">
  <testcase classname="featurefiles.karate12" name="Static variable test case" time="0.009946">
    <system-out>* def constants = Java.type('misc.AutomationConstants') ................... passed
* print constants.devUrl .................................................. passed
* print constants.getDevUrl() ............................................. passed</system-out>
  </testcase>
  <testcase classname="featurefiles.karate12" name="Non Static variable test case" time="0.006243">
    <system-out>* def constants = Java.type('misc.AutomationConstants') ................... passed
* print constants.devUrl .................................................. passed
* print constants.getDevUrl() ............................................. passed
* def env1 = .............................................................. passed
* def qaUrl = call env1 ................................................... passed
* print qaUrl ............................................................. passed</system-out>
  </testcase>
  <testcase classname="featurefiles.karate12" name="Non Static variable test case" time="0.003682">
    <system-out>* def constants = Java.type('misc.AutomationConstants') ................... passed
* print constants.devUrl .................................................. passed
* print constants.getDevUrl() ............................................. passed
* def env1 = .............................................................. passed
* def qaUrl = call env1 ................................................... passed
* print qaUrl ............................................................. passed
* def env1 = .............................................................. passed
* def qaUrl = call env1 ................................................... passed
* print qaUrl ............................................................. passed</system-out>
  </testcase>
</testsuite>
