<testsuite failures="0" name="featurefiles/karate02.feature" skipped="0" tests="2" time="0.014989">
  <testcase classname="featurefiles.karate02" name="JSON Test case 1" time="0.013013">
    <system-out>Given def json =   { "id" : "101", "tool": { "name":"Karate", "version":"0.9.6"}} . passed
* print json .............................................................. passed
Then assert json.id == "101" .............................................. passed
* assert json.tool.name == "Karate" ....................................... passed
* assert json.tool.version == "0.9.6" ..................................... passed
* match json.tool == { "name":"Karate", "version":"0.9.6"} ................ passed</system-out>
  </testcase>
  <testcase classname="featurefiles.karate02" name="JSON Test case 2" time="0.001977">
    <system-out>Given def json =   { "id" : "101", "tool": { "name":"Karate", "version":"0.9.6"}} . passed
* print json .............................................................. passed
Then assert json.id == "101" .............................................. passed
* assert json.tool.name == "Karate" ....................................... passed
* assert json.tool.version == "0.9.6" ..................................... passed
* match json.tool == { "name":"Karate", "version":"0.9.6"} ................ passed
Given def json = .......................................................... passed
* print json .............................................................. passed
Then assert json.id == "101" .............................................. passed
* assert json.tool.name == "Karate" ....................................... passed
* assert json.tool.version == "0.9.6" ..................................... passed
* match json.tool == { "name":"Karate", "version":"0.9.6"} ................ passed</system-out>
  </testcase>
</testsuite>
