<testsuite failures="0" name="featurefiles/readingcsvdataddt.feature" skipped="0" tests="5" time="0.013175">
  <testcase classname="featurefiles.readingcsvdataddt" name="reading csv ddt test case" time="0.002831">
    <system-out>* print "1, cust1, 23" .................................................... passed
* def json1 = {"last_name" : cust1} ....................................... passed
* print json1 ............................................................. passed</system-out>
  </testcase>
  <testcase classname="featurefiles.readingcsvdataddt" name="reading csv ddt test case" time="0.00271">
    <system-out>* print "1, cust1, 23" .................................................... passed
* def json1 = {"last_name" : cust1} ....................................... passed
* print json1 ............................................................. passed
* print "2, cust2, 24" .................................................... passed
* def json1 = {"last_name" : cust2} ....................................... passed
* print json1 ............................................................. passed</system-out>
  </testcase>
  <testcase classname="featurefiles.readingcsvdataddt" name="reading csv ddt test case" time="0.002549">
    <system-out>* print "1, cust1, 23" .................................................... passed
* def json1 = {"last_name" : cust1} ....................................... passed
* print json1 ............................................................. passed
* print "2, cust2, 24" .................................................... passed
* def json1 = {"last_name" : cust2} ....................................... passed
* print json1 ............................................................. passed
* print "3, cust3, 25" .................................................... passed
* def json1 = {"last_name" : cust3} ....................................... passed
* print json1 ............................................................. passed</system-out>
  </testcase>
  <testcase classname="featurefiles.readingcsvdataddt" name="reading csv ddt test case" time="0.002612">
    <system-out>* print "1, cust1, 23" .................................................... passed
* def json1 = {"last_name" : cust1} ....................................... passed
* print json1 ............................................................. passed
* print "2, cust2, 24" .................................................... passed
* def json1 = {"last_name" : cust2} ....................................... passed
* print json1 ............................................................. passed
* print "3, cust3, 25" .................................................... passed
* def json1 = {"last_name" : cust3} ....................................... passed
* print json1 ............................................................. passed
* print "4, cust4, 26" .................................................... passed
* def json1 = {"last_name" : cust4} ....................................... passed
* print json1 ............................................................. passed</system-out>
  </testcase>
  <testcase classname="featurefiles.readingcsvdataddt" name="reading csv ddt test case" time="0.002473">
    <system-out>* print "1, cust1, 23" .................................................... passed
* def json1 = {"last_name" : cust1} ....................................... passed
* print json1 ............................................................. passed
* print "2, cust2, 24" .................................................... passed
* def json1 = {"last_name" : cust2} ....................................... passed
* print json1 ............................................................. passed
* print "3, cust3, 25" .................................................... passed
* def json1 = {"last_name" : cust3} ....................................... passed
* print json1 ............................................................. passed
* print "4, cust4, 26" .................................................... passed
* def json1 = {"last_name" : cust4} ....................................... passed
* print json1 ............................................................. passed
* print "5, cust5, 27" .................................................... passed
* def json1 = {"last_name" : cust5} ....................................... passed
* print json1 ............................................................. passed</system-out>
  </testcase>
</testsuite>
