<testsuite failures="0" name="featurefiles/writingresponsetofile.feature" skipped="0" tests="4" time="0.263798">
  <testcase classname="featurefiles.writingresponsetofile" name="Example1" time="0.078058">
    <system-out>* def lib = Java.type('misc.MyUtil') ...................................... passed
Given url "https://reqres.in/api/users/2" ................................. passed
When method get ........................................................... passed
Then status 200 ........................................................... passed
* lib.writeToFile("res.json", response) ................................... passed
* def res1 = read("classpath:res.json") ................................... passed
* print res1 .............................................................. passed</system-out>
  </testcase>
  <testcase classname="featurefiles.writingresponsetofile" name="Example2" time="0.077832">
    <system-out>* def lib = Java.type('misc.MyUtil') ...................................... passed
Given url "https://reqres.in/api/users/2" ................................. passed
When method get ........................................................... passed
Then status 200 ........................................................... passed
* lib.writeToFile("res.json", response) ................................... passed
* def res1 = read("classpath:res.json") ................................... passed
* print res1 .............................................................. passed
* def lib = Java.type('misc.MyUtil') ...................................... passed
Given url "https://reqres.in/api/users/2" ................................. passed
When method get ........................................................... passed
Then status 200 ........................................................... passed
* def res2 = get response $.data .......................................... passed
* lib.writeToFile("res2.json", res2) ...................................... passed
* def res2 = read("classpath:res2.json") .................................. passed
* print res1 .............................................................. passed
* print res2 .............................................................. passed</system-out>
  </testcase>
  <testcase classname="featurefiles.writingresponsetofile" name="Example3" time="0.104772">
    <system-out>* def lib = Java.type('misc.MyUtil') ...................................... passed
Given url "https://reqres.in/api/users/2" ................................. passed
When method get ........................................................... passed
Then status 200 ........................................................... passed
* lib.writeToFile("res.json", response) ................................... passed
* def res1 = read("classpath:res.json") ................................... passed
* print res1 .............................................................. passed
* def lib = Java.type('misc.MyUtil') ...................................... passed
Given url "https://reqres.in/api/users/2" ................................. passed
When method get ........................................................... passed
Then status 200 ........................................................... passed
* def res2 = get response $.data .......................................... passed
* lib.writeToFile("res2.json", res2) ...................................... passed
* def res2 = read("classpath:res2.json") .................................. passed
* print res1 .............................................................. passed
* print res2 .............................................................. passed
* def lib = Java.type('misc.MyUtil') ...................................... passed
Given url "https://reqres.in/api/users/2" ................................. passed
When method get ........................................................... passed
Then status 200 ........................................................... passed
* def res2 = get response $.data .......................................... passed
* lib.writeToFile("res2.json", res2) ...................................... passed
* def res2 = read("classpath:res2.json") .................................. passed
* print res1 .............................................................. passed
* print res2 .............................................................. passed
* print response.data.last_name ........................................... passed
* print res2.last_name .................................................... passed
* def name = res2.last_name ............................................... passed
* def json1 = {"last_name" : #(name)} ..................................... passed
* print json1 ............................................................. passed</system-out>
  </testcase>
  <testcase classname="featurefiles.writingresponsetofile" name="ex 4" time="0.003135">
    <system-out>* def lib = Java.type('misc.MyUtil') ...................................... passed
Given url "https://reqres.in/api/users/2" ................................. passed
When method get ........................................................... passed
Then status 200 ........................................................... passed
* lib.writeToFile("res.json", response) ................................... passed
* def res1 = read("classpath:res.json") ................................... passed
* print res1 .............................................................. passed
* def lib = Java.type('misc.MyUtil') ...................................... passed
Given url "https://reqres.in/api/users/2" ................................. passed
When method get ........................................................... passed
Then status 200 ........................................................... passed
* def res2 = get response $.data .......................................... passed
* lib.writeToFile("res2.json", res2) ...................................... passed
* def res2 = read("classpath:res2.json") .................................. passed
* print res1 .............................................................. passed
* print res2 .............................................................. passed
* def lib = Java.type('misc.MyUtil') ...................................... passed
Given url "https://reqres.in/api/users/2" ................................. passed
When method get ........................................................... passed
Then status 200 ........................................................... passed
* def res2 = get response $.data .......................................... passed
* lib.writeToFile("res2.json", res2) ...................................... passed
* def res2 = read("classpath:res2.json") .................................. passed
* print res1 .............................................................. passed
* print res2 .............................................................. passed
* print response.data.last_name ........................................... passed
* print res2.last_name .................................................... passed
* def name = res2.last_name ............................................... passed
* def json1 = {"last_name" : #(name)} ..................................... passed
* print json1 ............................................................. passed
* def custid = 1234 ....................................................... passed
* def res2 = read("classpath:res2.json") .................................. passed
* print res2 .............................................................. passed</system-out>
  </testcase>
</testsuite>
