<testsuite failures="0" name="featurefiles/calledfeature.feature" skipped="0" tests="1" time="0.859298">
  <testcase classname="featurefiles.calledfeature" name="Url and path test case 01" time="0.859298">
    <system-out>Given url "https://reqres.in" ............................................. passed
And path "/api/users?page=2" .............................................. passed
When method GET ........................................................... passed
Then status 200 ........................................................... passed
* match response.page == 1 ................................................ passed</system-out>
  </testcase>
</testsuite>
