<testsuite failures="0" name="featurefiles/testfixture.feature" skipped="0" tests="2" time="0.007012">
  <testcase classname="featurefiles.testfixture" name="Test case 1" time="0.005518">
    <system-out>* print "before scenario" ................................................. passed
* configure afterScenario = ............................................... passed
* configure afterFeature = ................................................ passed
* print "from test case 1" ................................................ passed</system-out>
  </testcase>
  <testcase classname="featurefiles.testfixture" name="Test case 2" time="0.001494">
    <system-out>* print "before scenario" ................................................. passed
* configure afterScenario = ............................................... passed
* configure afterFeature = ................................................ passed
* print "from test case 1" ................................................ passed
* print "before scenario" ................................................. passed
* configure afterScenario = ............................................... passed
* configure afterFeature = ................................................ passed
* print "from test case 2" ................................................ passed</system-out>
  </testcase>
</testsuite>
